{"C:\\Users\\Michell Ann Tabanao\\AgriCentral\\server\\src\\app.js": {"path":"C:\\Users\\Michell Ann Tabanao\\AgriCentral\\server\\src\\app.js","statementMap":{"0":{"start":{"line":1,"column":16},"end":{"line":1,"column":34}},"1":{"start":{"line":2,"column":13},"end":{"line":2,"column":28}},"2":{"start":{"line":3,"column":13},"end":{"line":3,"column":28}},"3":{"start":{"line":4,"column":0},"end":{"line":4,"column":71}},"4":{"start":{"line":6,"column":19},"end":{"line":6,"column":50}},"5":{"start":{"line":8,"column":12},"end":{"line":8,"column":21}},"6":{"start":{"line":9,"column":0},"end":{"line":9,"column":16}},"7":{"start":{"line":10,"column":0},"end":{"line":10,"column":24}},"8":{"start":{"line":11,"column":0},"end":{"line":11,"column":33}},"9":{"start":{"line":13,"column":0},"end":{"line":15,"column":3}},"10":{"start":{"line":14,"column":2},"end":{"line":14,"column":41}},"11":{"start":{"line":17,"column":0},"end":{"line":17,"column":21}}},"fnMap":{"0":{"name":"(anonymous_0)","decl":{"start":{"line":13,"column":13},"end":{"line":13,"column":14}},"loc":{"start":{"line":13,"column":27},"end":{"line":15,"column":1}},"line":13}},"branchMap":{},"s":{"0":1,"1":1,"2":1,"3":1,"4":1,"5":1,"6":1,"7":1,"8":1,"9":1,"10":0,"11":1},"f":{"0":0},"b":{},"_coverageSchema":"1a1c01bbd47fc00a2c39e90264f33305004495a9","hash":"b9385944b94e9b3910e0ec5ad3c29b1b40e937a6"}
,"C:\\Users\\Michell Ann Tabanao\\AgriCentral\\server\\src\\controllers\\auth.controller.js": {"path":"C:\\Users\\Michell Ann Tabanao\\AgriCentral\\server\\src\\controllers\\auth.controller.js","statementMap":{"0":{"start":{"line":1,"column":13},"end":{"line":1,"column":44}},"1":{"start":{"line":2,"column":15},"end":{"line":2,"column":34}},"2":{"start":{"line":3,"column":12},"end":{"line":3,"column":35}},"3":{"start":{"line":5,"column":0},"end":{"line":33,"column":2}},"4":{"start":{"line":6,"column":2},"end":{"line":32,"column":3}},"5":{"start":{"line":7,"column":35},"end":{"line":7,"column":43}},"6":{"start":{"line":9,"column":17},"end":{"line":9,"column":49}},"7":{"start":{"line":10,"column":4},"end":{"line":10,"column":89}},"8":{"start":{"line":10,"column":15},"end":{"line":10,"column":89}},"9":{"start":{"line":12,"column":4},"end":{"line":13,"column":94}},"10":{"start":{"line":13,"column":6},"end":{"line":13,"column":94}},"11":{"start":{"line":15,"column":18},"end":{"line":15,"column":67}},"12":{"start":{"line":16,"column":4},"end":{"line":16,"column":90}},"13":{"start":{"line":16,"column":16},"end":{"line":16,"column":90}},"14":{"start":{"line":18,"column":18},"end":{"line":22,"column":5}},"15":{"start":{"line":24,"column":4},"end":{"line":28,"column":7}},"16":{"start":{"line":30,"column":4},"end":{"line":30,"column":23}},"17":{"start":{"line":31,"column":4},"end":{"line":31,"column":51}}},"fnMap":{"0":{"name":"(anonymous_0)","decl":{"start":{"line":5,"column":16},"end":{"line":5,"column":17}},"loc":{"start":{"line":5,"column":36},"end":{"line":33,"column":1}},"line":5}},"branchMap":{"0":{"loc":{"start":{"line":10,"column":4},"end":{"line":10,"column":89}},"type":"if","locations":[{"start":{"line":10,"column":4},"end":{"line":10,"column":89}},{"start":{},"end":{}}],"line":10},"1":{"loc":{"start":{"line":12,"column":4},"end":{"line":13,"column":94}},"type":"if","locations":[{"start":{"line":12,"column":4},"end":{"line":13,"column":94}},{"start":{},"end":{}}],"line":12},"2":{"loc":{"start":{"line":16,"column":4},"end":{"line":16,"column":90}},"type":"if","locations":[{"start":{"line":16,"column":4},"end":{"line":16,"column":90}},{"start":{},"end":{}}],"line":16}},"s":{"0":2,"1":2,"2":2,"3":2,"4":5,"5":5,"6":5,"7":5,"8":1,"9":4,"10":1,"11":3,"12":3,"13":1,"14":2,"15":2,"16":0,"17":0},"f":{"0":5},"b":{"0":[1,4],"1":[1,3],"2":[1,2]},"_coverageSchema":"1a1c01bbd47fc00a2c39e90264f33305004495a9","hash":"43cc683a0b2859f4ac89feee7840ed78a8c2f26a"}
,"C:\\Users\\Michell Ann Tabanao\\AgriCentral\\server\\src\\controllers\\conditionLog.controller.js": {"path":"C:\\Users\\Michell Ann Tabanao\\AgriCentral\\server\\src\\controllers\\conditionLog.controller.js","statementMap":{"0":{"start":{"line":1,"column":21},"end":{"line":1,"column":60}},"1":{"start":{"line":2,"column":18},"end":{"line":2,"column":54}},"2":{"start":{"line":5,"column":0},"end":{"line":16,"column":2}},"3":{"start":{"line":6,"column":2},"end":{"line":15,"column":3}},"4":{"start":{"line":7,"column":17},"end":{"line":11,"column":30}},"5":{"start":{"line":12,"column":4},"end":{"line":12,"column":19}},"6":{"start":{"line":14,"column":4},"end":{"line":14,"column":51}},"7":{"start":{"line":19,"column":0},"end":{"line":57,"column":2}},"8":{"start":{"line":20,"column":2},"end":{"line":56,"column":3}},"9":{"start":{"line":21,"column":56},"end":{"line":21,"column":64}},"10":{"start":{"line":23,"column":4},"end":{"line":27,"column":5}},"11":{"start":{"line":24,"column":6},"end":{"line":26,"column":9}},"12":{"start":{"line":30,"column":22},"end":{"line":30,"column":60}},"13":{"start":{"line":31,"column":4},"end":{"line":33,"column":5}},"14":{"start":{"line":32,"column":6},"end":{"line":32,"column":71}},"15":{"start":{"line":36,"column":21},"end":{"line":36,"column":25}},"16":{"start":{"line":41,"column":16},"end":{"line":47,"column":6}},"17":{"start":{"line":49,"column":4},"end":{"line":49,"column":21}},"18":{"start":{"line":50,"column":4},"end":{"line":50,"column":39}},"19":{"start":{"line":51,"column":4},"end":{"line":51,"column":57}},"20":{"start":{"line":53,"column":4},"end":{"line":53,"column":30}},"21":{"start":{"line":55,"column":4},"end":{"line":55,"column":51}},"22":{"start":{"line":60,"column":0},"end":{"line":86,"column":2}},"23":{"start":{"line":61,"column":2},"end":{"line":85,"column":3}},"24":{"start":{"line":62,"column":22},"end":{"line":62,"column":32}},"25":{"start":{"line":64,"column":16},"end":{"line":64,"column":50}},"26":{"start":{"line":65,"column":4},"end":{"line":67,"column":5}},"27":{"start":{"line":66,"column":6},"end":{"line":66,"column":75}},"28":{"start":{"line":69,"column":4},"end":{"line":71,"column":5}},"29":{"start":{"line":70,"column":6},"end":{"line":70,"column":73}},"30":{"start":{"line":73,"column":4},"end":{"line":73,"column":25}},"31":{"start":{"line":74,"column":4},"end":{"line":74,"column":35}},"32":{"start":{"line":75,"column":4},"end":{"line":75,"column":34}},"33":{"start":{"line":77,"column":4},"end":{"line":77,"column":21}},"34":{"start":{"line":78,"column":4},"end":{"line":78,"column":39}},"35":{"start":{"line":79,"column":4},"end":{"line":79,"column":57}},"36":{"start":{"line":80,"column":4},"end":{"line":80,"column":57}},"37":{"start":{"line":82,"column":4},"end":{"line":82,"column":18}},"38":{"start":{"line":84,"column":4},"end":{"line":84,"column":51}}},"fnMap":{"0":{"name":"(anonymous_0)","decl":{"start":{"line":5,"column":30},"end":{"line":5,"column":31}},"loc":{"start":{"line":5,"column":50},"end":{"line":16,"column":1}},"line":5},"1":{"name":"(anonymous_1)","decl":{"start":{"line":19,"column":29},"end":{"line":19,"column":30}},"loc":{"start":{"line":19,"column":49},"end":{"line":57,"column":1}},"line":19},"2":{"name":"(anonymous_2)","decl":{"start":{"line":60,"column":31},"end":{"line":60,"column":32}},"loc":{"start":{"line":60,"column":51},"end":{"line":86,"column":1}},"line":60}},"branchMap":{"0":{"loc":{"start":{"line":23,"column":4},"end":{"line":27,"column":5}},"type":"if","locations":[{"start":{"line":23,"column":4},"end":{"line":27,"column":5}},{"start":{},"end":{}}],"line":23},"1":{"loc":{"start":{"line":23,"column":8},"end":{"line":23,"column":54}},"type":"binary-expr","locations":[{"start":{"line":23,"column":8},"end":{"line":23,"column":21}},{"start":{"line":23,"column":25},"end":{"line":23,"column":42}},{"start":{"line":23,"column":46},"end":{"line":23,"column":54}}],"line":23},"2":{"loc":{"start":{"line":31,"column":4},"end":{"line":33,"column":5}},"type":"if","locations":[{"start":{"line":31,"column":4},"end":{"line":33,"column":5}},{"start":{},"end":{}}],"line":31},"3":{"loc":{"start":{"line":65,"column":4},"end":{"line":67,"column":5}},"type":"if","locations":[{"start":{"line":65,"column":4},"end":{"line":67,"column":5}},{"start":{},"end":{}}],"line":65},"4":{"loc":{"start":{"line":69,"column":4},"end":{"line":71,"column":5}},"type":"if","locations":[{"start":{"line":69,"column":4},"end":{"line":71,"column":5}},{"start":{},"end":{}}],"line":69}},"s":{"0":0,"1":0,"2":0,"3":0,"4":0,"5":0,"6":0,"7":0,"8":0,"9":0,"10":0,"11":0,"12":0,"13":0,"14":0,"15":0,"16":0,"17":0,"18":0,"19":0,"20":0,"21":0,"22":0,"23":0,"24":0,"25":0,"26":0,"27":0,"28":0,"29":0,"30":0,"31":0,"32":0,"33":0,"34":0,"35":0,"36":0,"37":0,"38":0},"f":{"0":0,"1":0,"2":0},"b":{"0":[0,0],"1":[0,0,0],"2":[0,0],"3":[0,0],"4":[0,0]}}
,"C:\\Users\\Michell Ann Tabanao\\AgriCentral\\server\\src\\controllers\\crop.controller.js": {"path":"C:\\Users\\Michell Ann Tabanao\\AgriCentral\\server\\src\\controllers\\crop.controller.js","statementMap":{"0":{"start":{"line":1,"column":13},"end":{"line":1,"column":44}},"1":{"start":{"line":4,"column":0},"end":{"line":64,"column":2}},"2":{"start":{"line":5,"column":2},"end":{"line":63,"column":3}},"3":{"start":{"line":6,"column":26},"end":{"line":6,"column":53}},"4":{"start":{"line":7,"column":4},"end":{"line":9,"column":5}},"5":{"start":{"line":8,"column":6},"end":{"line":8,"column":72}},"6":{"start":{"line":11,"column":25},"end":{"line":57,"column":5}},"7":{"start":{"line":59,"column":4},"end":{"line":59,"column":40}},"8":{"start":{"line":60,"column":4},"end":{"line":60,"column":96}},"9":{"start":{"line":62,"column":4},"end":{"line":62,"column":51}},"10":{"start":{"line":67,"column":0},"end":{"line":74,"column":2}},"11":{"start":{"line":68,"column":2},"end":{"line":73,"column":3}},"12":{"start":{"line":69,"column":18},"end":{"line":69,"column":53}},"13":{"start":{"line":70,"column":4},"end":{"line":70,"column":20}},"14":{"start":{"line":72,"column":4},"end":{"line":72,"column":51}},"15":{"start":{"line":77,"column":0},"end":{"line":88,"column":2}},"16":{"start":{"line":78,"column":2},"end":{"line":87,"column":3}},"17":{"start":{"line":79,"column":21},"end":{"line":79,"column":64}},"18":{"start":{"line":80,"column":4},"end":{"line":82,"column":5}},"19":{"start":{"line":81,"column":6},"end":{"line":81,"column":71}},"20":{"start":{"line":83,"column":17},"end":{"line":83,"column":44}},"21":{"start":{"line":84,"column":4},"end":{"line":84,"column":31}},"22":{"start":{"line":86,"column":4},"end":{"line":86,"column":51}},"23":{"start":{"line":91,"column":0},"end":{"line":101,"column":2}},"24":{"start":{"line":92,"column":2},"end":{"line":100,"column":3}},"25":{"start":{"line":93,"column":17},"end":{"line":93,"column":85}},"26":{"start":{"line":94,"column":4},"end":{"line":96,"column":5}},"27":{"start":{"line":95,"column":6},"end":{"line":95,"column":66}},"28":{"start":{"line":97,"column":4},"end":{"line":97,"column":19}},"29":{"start":{"line":99,"column":4},"end":{"line":99,"column":51}},"30":{"start":{"line":104,"column":0},"end":{"line":114,"column":2}},"31":{"start":{"line":105,"column":2},"end":{"line":113,"column":3}},"32":{"start":{"line":106,"column":17},"end":{"line":106,"column":60}},"33":{"start":{"line":107,"column":4},"end":{"line":109,"column":5}},"34":{"start":{"line":108,"column":6},"end":{"line":108,"column":66}},"35":{"start":{"line":110,"column":4},"end":{"line":110,"column":43}},"36":{"start":{"line":112,"column":4},"end":{"line":112,"column":51}}},"fnMap":{"0":{"name":"(anonymous_0)","decl":{"start":{"line":4,"column":20},"end":{"line":4,"column":21}},"loc":{"start":{"line":4,"column":40},"end":{"line":64,"column":1}},"line":4},"1":{"name":"(anonymous_1)","decl":{"start":{"line":67,"column":19},"end":{"line":67,"column":20}},"loc":{"start":{"line":67,"column":39},"end":{"line":74,"column":1}},"line":67},"2":{"name":"(anonymous_2)","decl":{"start":{"line":77,"column":21},"end":{"line":77,"column":22}},"loc":{"start":{"line":77,"column":41},"end":{"line":88,"column":1}},"line":77},"3":{"name":"(anonymous_3)","decl":{"start":{"line":91,"column":21},"end":{"line":91,"column":22}},"loc":{"start":{"line":91,"column":41},"end":{"line":101,"column":1}},"line":91},"4":{"name":"(anonymous_4)","decl":{"start":{"line":104,"column":21},"end":{"line":104,"column":22}},"loc":{"start":{"line":104,"column":41},"end":{"line":114,"column":1}},"line":104}},"branchMap":{"0":{"loc":{"start":{"line":7,"column":4},"end":{"line":9,"column":5}},"type":"if","locations":[{"start":{"line":7,"column":4},"end":{"line":9,"column":5}},{"start":{},"end":{}}],"line":7},"1":{"loc":{"start":{"line":80,"column":4},"end":{"line":82,"column":5}},"type":"if","locations":[{"start":{"line":80,"column":4},"end":{"line":82,"column":5}},{"start":{},"end":{}}],"line":80},"2":{"loc":{"start":{"line":94,"column":4},"end":{"line":96,"column":5}},"type":"if","locations":[{"start":{"line":94,"column":4},"end":{"line":96,"column":5}},{"start":{},"end":{}}],"line":94},"3":{"loc":{"start":{"line":107,"column":4},"end":{"line":109,"column":5}},"type":"if","locations":[{"start":{"line":107,"column":4},"end":{"line":109,"column":5}},{"start":{},"end":{}}],"line":107}},"s":{"0":0,"1":0,"2":0,"3":0,"4":0,"5":0,"6":0,"7":0,"8":0,"9":0,"10":0,"11":0,"12":0,"13":0,"14":0,"15":0,"16":0,"17":0,"18":0,"19":0,"20":0,"21":0,"22":0,"23":0,"24":0,"25":0,"26":0,"27":0,"28":0,"29":0,"30":0,"31":0,"32":0,"33":0,"34":0,"35":0,"36":0},"f":{"0":0,"1":0,"2":0,"3":0,"4":0},"b":{"0":[0,0],"1":[0,0],"2":[0,0],"3":[0,0]}}
,"C:\\Users\\Michell Ann Tabanao\\AgriCentral\\server\\src\\controllers\\cropDamage.controller.js": {"path":"C:\\Users\\Michell Ann Tabanao\\AgriCentral\\server\\src\\controllers\\cropDamage.controller.js","statementMap":{"0":{"start":{"line":1,"column":19},"end":{"line":1,"column":56}},"1":{"start":{"line":2,"column":15},"end":{"line":2,"column":48}},"2":{"start":{"line":3,"column":13},"end":{"line":3,"column":44}},"3":{"start":{"line":6,"column":0},"end":{"line":16,"column":2}},"4":{"start":{"line":7,"column":2},"end":{"line":15,"column":3}},"5":{"start":{"line":8,"column":20},"end":{"line":11,"column":33}},"6":{"start":{"line":12,"column":4},"end":{"line":12,"column":22}},"7":{"start":{"line":14,"column":4},"end":{"line":14,"column":51}},"8":{"start":{"line":19,"column":0},"end":{"line":30,"column":2}},"9":{"start":{"line":20,"column":2},"end":{"line":29,"column":3}},"10":{"start":{"line":21,"column":21},"end":{"line":21,"column":40}},"11":{"start":{"line":22,"column":20},"end":{"line":25,"column":33}},"12":{"start":{"line":26,"column":4},"end":{"line":26,"column":22}},"13":{"start":{"line":28,"column":4},"end":{"line":28,"column":51}},"14":{"start":{"line":33,"column":0},"end":{"line":44,"column":2}},"15":{"start":{"line":34,"column":2},"end":{"line":43,"column":3}},"16":{"start":{"line":35,"column":19},"end":{"line":35,"column":36}},"17":{"start":{"line":36,"column":20},"end":{"line":39,"column":33}},"18":{"start":{"line":40,"column":4},"end":{"line":40,"column":22}},"19":{"start":{"line":42,"column":4},"end":{"line":42,"column":51}},"20":{"start":{"line":47,"column":0},"end":{"line":58,"column":2}},"21":{"start":{"line":48,"column":2},"end":{"line":57,"column":3}},"22":{"start":{"line":49,"column":19},"end":{"line":49,"column":36}},"23":{"start":{"line":50,"column":20},"end":{"line":53,"column":33}},"24":{"start":{"line":54,"column":4},"end":{"line":54,"column":22}},"25":{"start":{"line":56,"column":4},"end":{"line":56,"column":51}},"26":{"start":{"line":61,"column":0},"end":{"line":94,"column":2}},"27":{"start":{"line":62,"column":2},"end":{"line":93,"column":3}},"28":{"start":{"line":63,"column":89},"end":{"line":63,"column":97}},"29":{"start":{"line":66,"column":19},"end":{"line":66,"column":50}},"30":{"start":{"line":67,"column":4},"end":{"line":69,"column":5}},"31":{"start":{"line":68,"column":6},"end":{"line":68,"column":68}},"32":{"start":{"line":71,"column":17},"end":{"line":71,"column":44}},"33":{"start":{"line":72,"column":4},"end":{"line":74,"column":5}},"34":{"start":{"line":73,"column":6},"end":{"line":73,"column":66}},"35":{"start":{"line":76,"column":19},"end":{"line":84,"column":6}},"36":{"start":{"line":86,"column":28},"end":{"line":88,"column":48}},"37":{"start":{"line":90,"column":4},"end":{"line":90,"column":42}},"38":{"start":{"line":92,"column":4},"end":{"line":92,"column":51}},"39":{"start":{"line":97,"column":0},"end":{"line":117,"column":2}},"40":{"start":{"line":98,"column":2},"end":{"line":116,"column":3}},"41":{"start":{"line":99,"column":81},"end":{"line":99,"column":89}},"42":{"start":{"line":101,"column":19},"end":{"line":107,"column":46}},"43":{"start":{"line":109,"column":4},"end":{"line":111,"column":5}},"44":{"start":{"line":110,"column":6},"end":{"line":110,"column":80}},"45":{"start":{"line":113,"column":4},"end":{"line":113,"column":21}},"46":{"start":{"line":115,"column":4},"end":{"line":115,"column":51}},"47":{"start":{"line":120,"column":0},"end":{"line":130,"column":2}},"48":{"start":{"line":121,"column":2},"end":{"line":129,"column":3}},"49":{"start":{"line":122,"column":19},"end":{"line":122,"column":68}},"50":{"start":{"line":123,"column":4},"end":{"line":125,"column":5}},"51":{"start":{"line":124,"column":6},"end":{"line":124,"column":80}},"52":{"start":{"line":126,"column":4},"end":{"line":126,"column":70}},"53":{"start":{"line":128,"column":4},"end":{"line":128,"column":51}},"54":{"start":{"line":133,"column":0},"end":{"line":178,"column":2}},"55":{"start":{"line":134,"column":2},"end":{"line":177,"column":3}},"56":{"start":{"line":135,"column":18},"end":{"line":143,"column":5}},"57":{"start":{"line":145,"column":20},"end":{"line":145,"column":43}},"58":{"start":{"line":147,"column":4},"end":{"line":147,"column":40}},"59":{"start":{"line":149,"column":20},"end":{"line":149,"column":21}},"60":{"start":{"line":150,"column":20},"end":{"line":150,"column":21}},"61":{"start":{"line":152,"column":4},"end":{"line":168,"column":7}},"62":{"start":{"line":154,"column":6},"end":{"line":154,"column":69}},"63":{"start":{"line":156,"column":6},"end":{"line":156,"column":77}},"64":{"start":{"line":158,"column":6},"end":{"line":158,"column":73}},"65":{"start":{"line":160,"column":6},"end":{"line":160,"column":59}},"66":{"start":{"line":160,"column":37},"end":{"line":160,"column":59}},"67":{"start":{"line":162,"column":6},"end":{"line":162,"column":82}},"68":{"start":{"line":162,"column":60},"end":{"line":162,"column":82}},"69":{"start":{"line":164,"column":6},"end":{"line":167,"column":7}},"70":{"start":{"line":165,"column":8},"end":{"line":165,"column":36}},"71":{"start":{"line":166,"column":8},"end":{"line":166,"column":20}},"72":{"start":{"line":170,"column":4},"end":{"line":172,"column":5}},"73":{"start":{"line":171,"column":6},"end":{"line":171,"column":65}},"74":{"start":{"line":174,"column":4},"end":{"line":174,"column":20}},"75":{"start":{"line":176,"column":4},"end":{"line":176,"column":51}}},"fnMap":{"0":{"name":"(anonymous_0)","decl":{"start":{"line":6,"column":28},"end":{"line":6,"column":29}},"loc":{"start":{"line":6,"column":48},"end":{"line":16,"column":1}},"line":6},"1":{"name":"(anonymous_1)","decl":{"start":{"line":19,"column":29},"end":{"line":19,"column":30}},"loc":{"start":{"line":19,"column":49},"end":{"line":30,"column":1}},"line":19},"2":{"name":"(anonymous_2)","decl":{"start":{"line":33,"column":27},"end":{"line":33,"column":28}},"loc":{"start":{"line":33,"column":47},"end":{"line":44,"column":1}},"line":33},"3":{"name":"(anonymous_3)","decl":{"start":{"line":47,"column":29},"end":{"line":47,"column":30}},"loc":{"start":{"line":47,"column":49},"end":{"line":58,"column":1}},"line":47},"4":{"name":"(anonymous_4)","decl":{"start":{"line":61,"column":27},"end":{"line":61,"column":28}},"loc":{"start":{"line":61,"column":47},"end":{"line":94,"column":1}},"line":61},"5":{"name":"(anonymous_5)","decl":{"start":{"line":97,"column":27},"end":{"line":97,"column":28}},"loc":{"start":{"line":97,"column":47},"end":{"line":117,"column":1}},"line":97},"6":{"name":"(anonymous_6)","decl":{"start":{"line":120,"column":27},"end":{"line":120,"column":28}},"loc":{"start":{"line":120,"column":47},"end":{"line":130,"column":1}},"line":120},"7":{"name":"(anonymous_7)","decl":{"start":{"line":133,"column":25},"end":{"line":133,"column":26}},"loc":{"start":{"line":133,"column":45},"end":{"line":178,"column":1}},"line":133},"8":{"name":"(anonymous_8)","decl":{"start":{"line":152,"column":20},"end":{"line":152,"column":21}},"loc":{"start":{"line":152,"column":25},"end":{"line":168,"column":5}},"line":152}},"branchMap":{"0":{"loc":{"start":{"line":67,"column":4},"end":{"line":69,"column":5}},"type":"if","locations":[{"start":{"line":67,"column":4},"end":{"line":69,"column":5}},{"start":{},"end":{}}],"line":67},"1":{"loc":{"start":{"line":72,"column":4},"end":{"line":74,"column":5}},"type":"if","locations":[{"start":{"line":72,"column":4},"end":{"line":74,"column":5}},{"start":{},"end":{}}],"line":72},"2":{"loc":{"start":{"line":109,"column":4},"end":{"line":111,"column":5}},"type":"if","locations":[{"start":{"line":109,"column":4},"end":{"line":111,"column":5}},{"start":{},"end":{}}],"line":109},"3":{"loc":{"start":{"line":123,"column":4},"end":{"line":125,"column":5}},"type":"if","locations":[{"start":{"line":123,"column":4},"end":{"line":125,"column":5}},{"start":{},"end":{}}],"line":123},"4":{"loc":{"start":{"line":154,"column":34},"end":{"line":154,"column":63}},"type":"binary-expr","locations":[{"start":{"line":154,"column":34},"end":{"line":154,"column":58}},{"start":{"line":154,"column":62},"end":{"line":154,"column":63}}],"line":154},"5":{"loc":{"start":{"line":156,"column":38},"end":{"line":156,"column":71}},"type":"binary-expr","locations":[{"start":{"line":156,"column":38},"end":{"line":156,"column":66}},{"start":{"line":156,"column":70},"end":{"line":156,"column":71}}],"line":156},"6":{"loc":{"start":{"line":158,"column":36},"end":{"line":158,"column":67}},"type":"binary-expr","locations":[{"start":{"line":158,"column":36},"end":{"line":158,"column":62}},{"start":{"line":158,"column":66},"end":{"line":158,"column":67}}],"line":158},"7":{"loc":{"start":{"line":160,"column":6},"end":{"line":160,"column":59}},"type":"if","locations":[{"start":{"line":160,"column":6},"end":{"line":160,"column":59}},{"start":{},"end":{}}],"line":160},"8":{"loc":{"start":{"line":162,"column":6},"end":{"line":162,"column":82}},"type":"if","locations":[{"start":{"line":162,"column":6},"end":{"line":162,"column":82}},{"start":{},"end":{}}],"line":162},"9":{"loc":{"start":{"line":162,"column":10},"end":{"line":162,"column":58}},"type":"binary-expr","locations":[{"start":{"line":162,"column":10},"end":{"line":162,"column":33}},{"start":{"line":162,"column":37},"end":{"line":162,"column":58}}],"line":162},"10":{"loc":{"start":{"line":164,"column":6},"end":{"line":167,"column":7}},"type":"if","locations":[{"start":{"line":164,"column":6},"end":{"line":167,"column":7}},{"start":{},"end":{}}],"line":164},"11":{"loc":{"start":{"line":170,"column":4},"end":{"line":172,"column":5}},"type":"if","locations":[{"start":{"line":170,"column":4},"end":{"line":172,"column":5}},{"start":{},"end":{}}],"line":170}},"s":{"0":0,"1":0,"2":0,"3":0,"4":0,"5":0,"6":0,"7":0,"8":0,"9":0,"10":0,"11":0,"12":0,"13":0,"14":0,"15":0,"16":0,"17":0,"18":0,"19":0,"20":0,"21":0,"22":0,"23":0,"24":0,"25":0,"26":0,"27":0,"28":0,"29":0,"30":0,"31":0,"32":0,"33":0,"34":0,"35":0,"36":0,"37":0,"38":0,"39":0,"40":0,"41":0,"42":0,"43":0,"44":0,"45":0,"46":0,"47":0,"48":0,"49":0,"50":0,"51":0,"52":0,"53":0,"54":0,"55":0,"56":0,"57":0,"58":0,"59":0,"60":0,"61":0,"62":0,"63":0,"64":0,"65":0,"66":0,"67":0,"68":0,"69":0,"70":0,"71":0,"72":0,"73":0,"74":0,"75":0},"f":{"0":0,"1":0,"2":0,"3":0,"4":0,"5":0,"6":0,"7":0,"8":0},"b":{"0":[0,0],"1":[0,0],"2":[0,0],"3":[0,0],"4":[0,0],"5":[0,0],"6":[0,0],"7":[0,0],"8":[0,0],"9":[0,0],"10":[0,0],"11":[0,0]}}
,"C:\\Users\\Michell Ann Tabanao\\AgriCentral\\server\\src\\controllers\\equipment.controller.js": {"path":"C:\\Users\\Michell Ann Tabanao\\AgriCentral\\server\\src\\controllers\\equipment.controller.js","statementMap":{"0":{"start":{"line":1,"column":18},"end":{"line":1,"column":54}},"1":{"start":{"line":3,"column":0},"end":{"line":7,"column":2}},"2":{"start":{"line":4,"column":2},"end":{"line":6,"column":67}},"3":{"start":{"line":5,"column":4},"end":{"line":5,"column":61}},"4":{"start":{"line":6,"column":18},"end":{"line":6,"column":65}},"5":{"start":{"line":9,"column":0},"end":{"line":14,"column":2}},"6":{"start":{"line":10,"column":2},"end":{"line":13,"column":67}},"7":{"start":{"line":11,"column":17},"end":{"line":11,"column":49}},"8":{"start":{"line":12,"column":4},"end":{"line":12,"column":31}},"9":{"start":{"line":13,"column":18},"end":{"line":13,"column":65}},"10":{"start":{"line":16,"column":0},"end":{"line":21,"column":2}},"11":{"start":{"line":17,"column":2},"end":{"line":20,"column":67}},"12":{"start":{"line":18,"column":4},"end":{"line":18,"column":53}},"13":{"start":{"line":19,"column":4},"end":{"line":19,"column":38}},"14":{"start":{"line":20,"column":18},"end":{"line":20,"column":65}},"15":{"start":{"line":23,"column":0},"end":{"line":29,"column":2}},"16":{"start":{"line":24,"column":2},"end":{"line":28,"column":67}},"17":{"start":{"line":25,"column":17},"end":{"line":25,"column":90}},"18":{"start":{"line":26,"column":4},"end":{"line":26,"column":80}},"19":{"start":{"line":26,"column":15},"end":{"line":26,"column":80}},"20":{"start":{"line":27,"column":4},"end":{"line":27,"column":19}},"21":{"start":{"line":28,"column":18},"end":{"line":28,"column":65}}},"fnMap":{"0":{"name":"(anonymous_0)","decl":{"start":{"line":3,"column":23},"end":{"line":3,"column":24}},"loc":{"start":{"line":3,"column":43},"end":{"line":7,"column":1}},"line":3},"1":{"name":"(anonymous_1)","decl":{"start":{"line":9,"column":26},"end":{"line":9,"column":27}},"loc":{"start":{"line":9,"column":46},"end":{"line":14,"column":1}},"line":9},"2":{"name":"(anonymous_2)","decl":{"start":{"line":16,"column":26},"end":{"line":16,"column":27}},"loc":{"start":{"line":16,"column":46},"end":{"line":21,"column":1}},"line":16},"3":{"name":"(anonymous_3)","decl":{"start":{"line":23,"column":26},"end":{"line":23,"column":27}},"loc":{"start":{"line":23,"column":46},"end":{"line":29,"column":1}},"line":23}},"branchMap":{"0":{"loc":{"start":{"line":26,"column":4},"end":{"line":26,"column":80}},"type":"if","locations":[{"start":{"line":26,"column":4},"end":{"line":26,"column":80}},{"start":{},"end":{}}],"line":26}},"s":{"0":0,"1":0,"2":0,"3":0,"4":0,"5":0,"6":0,"7":0,"8":0,"9":0,"10":0,"11":0,"12":0,"13":0,"14":0,"15":0,"16":0,"17":0,"18":0,"19":0,"20":0,"21":0},"f":{"0":0,"1":0,"2":0,"3":0},"b":{"0":[0,0]}}
,"C:\\Users\\Michell Ann Tabanao\\AgriCentral\\server\\src\\controllers\\equipmentRequest.controller.js": {"path":"C:\\Users\\Michell Ann Tabanao\\AgriCentral\\server\\src\\controllers\\equipmentRequest.controller.js","statementMap":{"0":{"start":{"line":1,"column":25},"end":{"line":1,"column":68}},"1":{"start":{"line":2,"column":18},"end":{"line":2,"column":54}},"2":{"start":{"line":5,"column":0},"end":{"line":16,"column":2}},"3":{"start":{"line":6,"column":2},"end":{"line":15,"column":3}},"4":{"start":{"line":7,"column":21},"end":{"line":11,"column":30}},"5":{"start":{"line":12,"column":4},"end":{"line":12,"column":23}},"6":{"start":{"line":14,"column":4},"end":{"line":14,"column":51}},"7":{"start":{"line":19,"column":0},"end":{"line":30,"column":2}},"8":{"start":{"line":20,"column":2},"end":{"line":29,"column":3}},"9":{"start":{"line":21,"column":21},"end":{"line":25,"column":30}},"10":{"start":{"line":26,"column":4},"end":{"line":26,"column":23}},"11":{"start":{"line":28,"column":4},"end":{"line":28,"column":51}},"12":{"start":{"line":33,"column":0},"end":{"line":73,"column":2}},"13":{"start":{"line":34,"column":2},"end":{"line":72,"column":3}},"14":{"start":{"line":35,"column":90},"end":{"line":35,"column":98}},"15":{"start":{"line":37,"column":4},"end":{"line":39,"column":5}},"16":{"start":{"line":38,"column":6},"end":{"line":38,"column":133}},"17":{"start":{"line":41,"column":22},"end":{"line":41,"column":60}},"18":{"start":{"line":42,"column":4},"end":{"line":44,"column":5}},"19":{"start":{"line":43,"column":6},"end":{"line":43,"column":71}},"20":{"start":{"line":46,"column":4},"end":{"line":50,"column":5}},"21":{"start":{"line":47,"column":6},"end":{"line":49,"column":9}},"22":{"start":{"line":52,"column":20},"end":{"line":60,"column":6}},"23":{"start":{"line":62,"column":4},"end":{"line":62,"column":25}},"24":{"start":{"line":63,"column":4},"end":{"line":63,"column":43}},"25":{"start":{"line":64,"column":4},"end":{"line":64,"column":58}},"26":{"start":{"line":65,"column":4},"end":{"line":67,"column":5}},"27":{"start":{"line":66,"column":6},"end":{"line":66,"column":55}},"28":{"start":{"line":69,"column":4},"end":{"line":69,"column":34}},"29":{"start":{"line":71,"column":4},"end":{"line":71,"column":51}},"30":{"start":{"line":76,"column":0},"end":{"line":109,"column":2}},"31":{"start":{"line":77,"column":2},"end":{"line":108,"column":3}},"32":{"start":{"line":78,"column":26},"end":{"line":78,"column":36}},"33":{"start":{"line":79,"column":34},"end":{"line":79,"column":42}},"34":{"start":{"line":81,"column":4},"end":{"line":83,"column":5}},"35":{"start":{"line":82,"column":6},"end":{"line":82,"column":90}},"36":{"start":{"line":85,"column":20},"end":{"line":85,"column":62}},"37":{"start":{"line":86,"column":4},"end":{"line":88,"column":5}},"38":{"start":{"line":87,"column":6},"end":{"line":87,"column":69}},"39":{"start":{"line":90,"column":4},"end":{"line":92,"column":5}},"40":{"start":{"line":91,"column":6},"end":{"line":91,"column":86}},"41":{"start":{"line":94,"column":22},"end":{"line":94,"column":74}},"42":{"start":{"line":95,"column":4},"end":{"line":95,"column":31}},"43":{"start":{"line":96,"column":4},"end":{"line":96,"column":45}},"44":{"start":{"line":98,"column":4},"end":{"line":98,"column":25}},"45":{"start":{"line":99,"column":4},"end":{"line":99,"column":43}},"46":{"start":{"line":100,"column":4},"end":{"line":100,"column":58}},"47":{"start":{"line":101,"column":4},"end":{"line":103,"column":5}},"48":{"start":{"line":102,"column":6},"end":{"line":102,"column":55}},"49":{"start":{"line":105,"column":4},"end":{"line":105,"column":22}},"50":{"start":{"line":107,"column":4},"end":{"line":107,"column":51}},"51":{"start":{"line":112,"column":0},"end":{"line":154,"column":2}},"52":{"start":{"line":113,"column":2},"end":{"line":153,"column":3}},"53":{"start":{"line":114,"column":26},"end":{"line":114,"column":36}},"54":{"start":{"line":115,"column":34},"end":{"line":115,"column":42}},"55":{"start":{"line":117,"column":4},"end":{"line":119,"column":5}},"56":{"start":{"line":118,"column":6},"end":{"line":118,"column":90}},"57":{"start":{"line":121,"column":20},"end":{"line":121,"column":62}},"58":{"start":{"line":122,"column":4},"end":{"line":124,"column":5}},"59":{"start":{"line":123,"column":6},"end":{"line":123,"column":69}},"60":{"start":{"line":126,"column":4},"end":{"line":128,"column":5}},"61":{"start":{"line":127,"column":6},"end":{"line":127,"column":91}},"62":{"start":{"line":130,"column":22},"end":{"line":130,"column":68}},"63":{"start":{"line":131,"column":4},"end":{"line":131,"column":31}},"64":{"start":{"line":132,"column":4},"end":{"line":132,"column":41}},"65":{"start":{"line":134,"column":4},"end":{"line":141,"column":5}},"66":{"start":{"line":135,"column":6},"end":{"line":135,"column":39}},"67":{"start":{"line":137,"column":6},"end":{"line":140,"column":8}},"68":{"start":{"line":143,"column":4},"end":{"line":143,"column":25}},"69":{"start":{"line":144,"column":4},"end":{"line":144,"column":43}},"70":{"start":{"line":145,"column":4},"end":{"line":145,"column":58}},"71":{"start":{"line":146,"column":4},"end":{"line":148,"column":5}},"72":{"start":{"line":147,"column":6},"end":{"line":147,"column":55}},"73":{"start":{"line":150,"column":4},"end":{"line":150,"column":22}},"74":{"start":{"line":152,"column":4},"end":{"line":152,"column":51}},"75":{"start":{"line":157,"column":0},"end":{"line":172,"column":2}},"76":{"start":{"line":158,"column":2},"end":{"line":171,"column":3}},"77":{"start":{"line":159,"column":20},"end":{"line":162,"column":41}},"78":{"start":{"line":164,"column":4},"end":{"line":166,"column":5}},"79":{"start":{"line":165,"column":6},"end":{"line":165,"column":69}},"80":{"start":{"line":168,"column":4},"end":{"line":168,"column":22}},"81":{"start":{"line":170,"column":4},"end":{"line":170,"column":51}}},"fnMap":{"0":{"name":"(anonymous_0)","decl":{"start":{"line":5,"column":25},"end":{"line":5,"column":26}},"loc":{"start":{"line":5,"column":45},"end":{"line":16,"column":1}},"line":5},"1":{"name":"(anonymous_1)","decl":{"start":{"line":19,"column":24},"end":{"line":19,"column":25}},"loc":{"start":{"line":19,"column":44},"end":{"line":30,"column":1}},"line":19},"2":{"name":"(anonymous_2)","decl":{"start":{"line":33,"column":24},"end":{"line":33,"column":25}},"loc":{"start":{"line":33,"column":44},"end":{"line":73,"column":1}},"line":33},"3":{"name":"(anonymous_3)","decl":{"start":{"line":76,"column":27},"end":{"line":76,"column":28}},"loc":{"start":{"line":76,"column":47},"end":{"line":109,"column":1}},"line":76},"4":{"name":"(anonymous_4)","decl":{"start":{"line":112,"column":23},"end":{"line":112,"column":24}},"loc":{"start":{"line":112,"column":43},"end":{"line":154,"column":1}},"line":112},"5":{"name":"(anonymous_5)","decl":{"start":{"line":157,"column":21},"end":{"line":157,"column":22}},"loc":{"start":{"line":157,"column":41},"end":{"line":172,"column":1}},"line":157}},"branchMap":{"0":{"loc":{"start":{"line":37,"column":4},"end":{"line":39,"column":5}},"type":"if","locations":[{"start":{"line":37,"column":4},"end":{"line":39,"column":5}},{"start":{},"end":{}}],"line":37},"1":{"loc":{"start":{"line":37,"column":8},"end":{"line":37,"column":75}},"type":"binary-expr","locations":[{"start":{"line":37,"column":8},"end":{"line":37,"column":21}},{"start":{"line":37,"column":25},"end":{"line":37,"column":44}},{"start":{"line":37,"column":48},"end":{"line":37,"column":56}},{"start":{"line":37,"column":60},"end":{"line":37,"column":75}}],"line":37},"2":{"loc":{"start":{"line":42,"column":4},"end":{"line":44,"column":5}},"type":"if","locations":[{"start":{"line":42,"column":4},"end":{"line":44,"column":5}},{"start":{},"end":{}}],"line":42},"3":{"loc":{"start":{"line":46,"column":4},"end":{"line":50,"column":5}},"type":"if","locations":[{"start":{"line":46,"column":4},"end":{"line":50,"column":5}},{"start":{},"end":{}}],"line":46},"4":{"loc":{"start":{"line":58,"column":10},"end":{"line":58,"column":46}},"type":"binary-expr","locations":[{"start":{"line":58,"column":10},"end":{"line":58,"column":24}},{"start":{"line":58,"column":28},"end":{"line":58,"column":46}}],"line":58},"5":{"loc":{"start":{"line":65,"column":4},"end":{"line":67,"column":5}},"type":"if","locations":[{"start":{"line":65,"column":4},"end":{"line":67,"column":5}},{"start":{},"end":{}}],"line":65},"6":{"loc":{"start":{"line":81,"column":4},"end":{"line":83,"column":5}},"type":"if","locations":[{"start":{"line":81,"column":4},"end":{"line":83,"column":5}},{"start":{},"end":{}}],"line":81},"7":{"loc":{"start":{"line":86,"column":4},"end":{"line":88,"column":5}},"type":"if","locations":[{"start":{"line":86,"column":4},"end":{"line":88,"column":5}},{"start":{},"end":{}}],"line":86},"8":{"loc":{"start":{"line":90,"column":4},"end":{"line":92,"column":5}},"type":"if","locations":[{"start":{"line":90,"column":4},"end":{"line":92,"column":5}},{"start":{},"end":{}}],"line":90},"9":{"loc":{"start":{"line":94,"column":22},"end":{"line":94,"column":74}},"type":"cond-expr","locations":[{"start":{"line":94,"column":47},"end":{"line":94,"column":61}},{"start":{"line":94,"column":64},"end":{"line":94,"column":74}}],"line":94},"10":{"loc":{"start":{"line":96,"column":31},"end":{"line":96,"column":44}},"type":"binary-expr","locations":[{"start":{"line":96,"column":31},"end":{"line":96,"column":38}},{"start":{"line":96,"column":42},"end":{"line":96,"column":44}}],"line":96},"11":{"loc":{"start":{"line":101,"column":4},"end":{"line":103,"column":5}},"type":"if","locations":[{"start":{"line":101,"column":4},"end":{"line":103,"column":5}},{"start":{},"end":{}}],"line":101},"12":{"loc":{"start":{"line":117,"column":4},"end":{"line":119,"column":5}},"type":"if","locations":[{"start":{"line":117,"column":4},"end":{"line":119,"column":5}},{"start":{},"end":{}}],"line":117},"13":{"loc":{"start":{"line":122,"column":4},"end":{"line":124,"column":5}},"type":"if","locations":[{"start":{"line":122,"column":4},"end":{"line":124,"column":5}},{"start":{},"end":{}}],"line":122},"14":{"loc":{"start":{"line":126,"column":4},"end":{"line":128,"column":5}},"type":"if","locations":[{"start":{"line":126,"column":4},"end":{"line":128,"column":5}},{"start":{},"end":{}}],"line":126},"15":{"loc":{"start":{"line":130,"column":22},"end":{"line":130,"column":68}},"type":"cond-expr","locations":[{"start":{"line":130,"column":47},"end":{"line":130,"column":55}},{"start":{"line":130,"column":58},"end":{"line":130,"column":68}}],"line":130},"16":{"loc":{"start":{"line":132,"column":27},"end":{"line":132,"column":40}},"type":"binary-expr","locations":[{"start":{"line":132,"column":27},"end":{"line":132,"column":34}},{"start":{"line":132,"column":38},"end":{"line":132,"column":40}}],"line":132},"17":{"loc":{"start":{"line":134,"column":4},"end":{"line":141,"column":5}},"type":"if","locations":[{"start":{"line":134,"column":4},"end":{"line":141,"column":5}},{"start":{},"end":{}}],"line":134},"18":{"loc":{"start":{"line":146,"column":4},"end":{"line":148,"column":5}},"type":"if","locations":[{"start":{"line":146,"column":4},"end":{"line":148,"column":5}},{"start":{},"end":{}}],"line":146},"19":{"loc":{"start":{"line":164,"column":4},"end":{"line":166,"column":5}},"type":"if","locations":[{"start":{"line":164,"column":4},"end":{"line":166,"column":5}},{"start":{},"end":{}}],"line":164}},"s":{"0":0,"1":0,"2":0,"3":0,"4":0,"5":0,"6":0,"7":0,"8":0,"9":0,"10":0,"11":0,"12":0,"13":0,"14":0,"15":0,"16":0,"17":0,"18":0,"19":0,"20":0,"21":0,"22":0,"23":0,"24":0,"25":0,"26":0,"27":0,"28":0,"29":0,"30":0,"31":0,"32":0,"33":0,"34":0,"35":0,"36":0,"37":0,"38":0,"39":0,"40":0,"41":0,"42":0,"43":0,"44":0,"45":0,"46":0,"47":0,"48":0,"49":0,"50":0,"51":0,"52":0,"53":0,"54":0,"55":0,"56":0,"57":0,"58":0,"59":0,"60":0,"61":0,"62":0,"63":0,"64":0,"65":0,"66":0,"67":0,"68":0,"69":0,"70":0,"71":0,"72":0,"73":0,"74":0,"75":0,"76":0,"77":0,"78":0,"79":0,"80":0,"81":0},"f":{"0":0,"1":0,"2":0,"3":0,"4":0,"5":0},"b":{"0":[0,0],"1":[0,0,0,0],"2":[0,0],"3":[0,0],"4":[0,0],"5":[0,0],"6":[0,0],"7":[0,0],"8":[0,0],"9":[0,0],"10":[0,0],"11":[0,0],"12":[0,0],"13":[0,0],"14":[0,0],"15":[0,0],"16":[0,0],"17":[0,0],"18":[0,0],"19":[0,0]}}
,"C:\\Users\\Michell Ann Tabanao\\AgriCentral\\server\\src\\controllers\\farmer.controller.js": {"path":"C:\\Users\\Michell Ann Tabanao\\AgriCentral\\server\\src\\controllers\\farmer.controller.js","statementMap":{"0":{"start":{"line":1,"column":25},"end":{"line":1,"column":58}},"1":{"start":{"line":2,"column":25},"end":{"line":2,"column":63}},"2":{"start":{"line":3,"column":26},"end":{"line":3,"column":70}},"3":{"start":{"line":4,"column":25},"end":{"line":4,"column":56}},"4":{"start":{"line":8,"column":0},"end":{"line":13,"column":2}},"5":{"start":{"line":9,"column":2},"end":{"line":12,"column":67}},"6":{"start":{"line":10,"column":20},"end":{"line":10,"column":66}},"7":{"start":{"line":11,"column":4},"end":{"line":11,"column":22}},"8":{"start":{"line":12,"column":18},"end":{"line":12,"column":65}},"9":{"start":{"line":15,"column":0},"end":{"line":22,"column":2}},"10":{"start":{"line":16,"column":2},"end":{"line":21,"column":67}},"11":{"start":{"line":17,"column":21},"end":{"line":17,"column":78}},"12":{"start":{"line":18,"column":4},"end":{"line":18,"column":94}},"13":{"start":{"line":18,"column":18},"end":{"line":18,"column":94}},"14":{"start":{"line":19,"column":19},"end":{"line":19,"column":48}},"15":{"start":{"line":20,"column":4},"end":{"line":20,"column":33}},"16":{"start":{"line":21,"column":18},"end":{"line":21,"column":65}},"17":{"start":{"line":24,"column":0},"end":{"line":30,"column":2}},"18":{"start":{"line":25,"column":2},"end":{"line":29,"column":67}},"19":{"start":{"line":26,"column":4},"end":{"line":26,"column":50}},"20":{"start":{"line":27,"column":4},"end":{"line":27,"column":68}},"21":{"start":{"line":28,"column":4},"end":{"line":28,"column":45}},"22":{"start":{"line":29,"column":18},"end":{"line":29,"column":65}},"23":{"start":{"line":34,"column":0},"end":{"line":48,"column":2}},"24":{"start":{"line":35,"column":2},"end":{"line":47,"column":67}},"25":{"start":{"line":36,"column":17},"end":{"line":38,"column":33}},"26":{"start":{"line":41,"column":23},"end":{"line":44,"column":7}},"27":{"start":{"line":42,"column":20},"end":{"line":42,"column":84}},"28":{"start":{"line":43,"column":6},"end":{"line":43,"column":53}},"29":{"start":{"line":46,"column":4},"end":{"line":46,"column":25}},"30":{"start":{"line":47,"column":18},"end":{"line":47,"column":65}},"31":{"start":{"line":50,"column":0},"end":{"line":59,"column":2}},"32":{"start":{"line":51,"column":2},"end":{"line":58,"column":67}},"33":{"start":{"line":52,"column":47},"end":{"line":52,"column":55}},"34":{"start":{"line":53,"column":4},"end":{"line":55,"column":5}},"35":{"start":{"line":54,"column":6},"end":{"line":54,"column":106}},"36":{"start":{"line":56,"column":18},"end":{"line":56,"column":52}},"37":{"start":{"line":57,"column":4},"end":{"line":57,"column":32}},"38":{"start":{"line":58,"column":18},"end":{"line":58,"column":65}},"39":{"start":{"line":61,"column":0},"end":{"line":67,"column":2}},"40":{"start":{"line":62,"column":2},"end":{"line":66,"column":67}},"41":{"start":{"line":63,"column":4},"end":{"line":63,"column":55}},"42":{"start":{"line":64,"column":4},"end":{"line":64,"column":73}},"43":{"start":{"line":65,"column":4},"end":{"line":65,"column":50}},"44":{"start":{"line":66,"column":18},"end":{"line":66,"column":65}},"45":{"start":{"line":71,"column":0},"end":{"line":77,"column":2}},"46":{"start":{"line":72,"column":2},"end":{"line":76,"column":67}},"47":{"start":{"line":73,"column":20},"end":{"line":74,"column":82}},"48":{"start":{"line":75,"column":4},"end":{"line":75,"column":22}},"49":{"start":{"line":76,"column":18},"end":{"line":76,"column":65}},"50":{"start":{"line":79,"column":0},"end":{"line":87,"column":2}},"51":{"start":{"line":80,"column":2},"end":{"line":86,"column":67}},"52":{"start":{"line":81,"column":25},"end":{"line":81,"column":33}},"53":{"start":{"line":82,"column":19},"end":{"line":82,"column":94}},"54":{"start":{"line":83,"column":4},"end":{"line":83,"column":88}},"55":{"start":{"line":83,"column":16},"end":{"line":83,"column":88}},"56":{"start":{"line":84,"column":19},"end":{"line":84,"column":93}},"57":{"start":{"line":85,"column":4},"end":{"line":85,"column":33}},"58":{"start":{"line":86,"column":18},"end":{"line":86,"column":65}},"59":{"start":{"line":89,"column":0},"end":{"line":94,"column":2}},"60":{"start":{"line":90,"column":2},"end":{"line":93,"column":67}},"61":{"start":{"line":91,"column":4},"end":{"line":91,"column":67}},"62":{"start":{"line":92,"column":4},"end":{"line":92,"column":45}},"63":{"start":{"line":93,"column":18},"end":{"line":93,"column":65}},"64":{"start":{"line":98,"column":0},"end":{"line":104,"column":2}},"65":{"start":{"line":99,"column":2},"end":{"line":103,"column":67}},"66":{"start":{"line":100,"column":18},"end":{"line":101,"column":34}},"67":{"start":{"line":102,"column":4},"end":{"line":102,"column":20}},"68":{"start":{"line":103,"column":18},"end":{"line":103,"column":65}},"69":{"start":{"line":108,"column":0},"end":{"line":160,"column":2}},"70":{"start":{"line":109,"column":2},"end":{"line":159,"column":67}},"71":{"start":{"line":111,"column":21},"end":{"line":111,"column":69}},"72":{"start":{"line":112,"column":4},"end":{"line":112,"column":88}},"73":{"start":{"line":112,"column":18},"end":{"line":112,"column":88}},"74":{"start":{"line":115,"column":18},"end":{"line":125,"column":6}},"75":{"start":{"line":128,"column":4},"end":{"line":156,"column":7}},"76":{"start":{"line":158,"column":4},"end":{"line":158,"column":94}},"77":{"start":{"line":159,"column":18},"end":{"line":159,"column":65}}},"fnMap":{"0":{"name":"(anonymous_0)","decl":{"start":{"line":8,"column":21},"end":{"line":8,"column":22}},"loc":{"start":{"line":8,"column":41},"end":{"line":13,"column":1}},"line":8},"1":{"name":"(anonymous_1)","decl":{"start":{"line":15,"column":23},"end":{"line":15,"column":24}},"loc":{"start":{"line":15,"column":43},"end":{"line":22,"column":1}},"line":15},"2":{"name":"(anonymous_2)","decl":{"start":{"line":24,"column":23},"end":{"line":24,"column":24}},"loc":{"start":{"line":24,"column":43},"end":{"line":30,"column":1}},"line":24},"3":{"name":"(anonymous_3)","decl":{"start":{"line":34,"column":26},"end":{"line":34,"column":27}},"loc":{"start":{"line":34,"column":46},"end":{"line":48,"column":1}},"line":34},"4":{"name":"(anonymous_4)","decl":{"start":{"line":41,"column":50},"end":{"line":41,"column":51}},"loc":{"start":{"line":41,"column":63},"end":{"line":44,"column":5}},"line":41},"5":{"name":"(anonymous_5)","decl":{"start":{"line":50,"column":28},"end":{"line":50,"column":29}},"loc":{"start":{"line":50,"column":48},"end":{"line":59,"column":1}},"line":50},"6":{"name":"(anonymous_6)","decl":{"start":{"line":61,"column":28},"end":{"line":61,"column":29}},"loc":{"start":{"line":61,"column":48},"end":{"line":67,"column":1}},"line":61},"7":{"name":"(anonymous_7)","decl":{"start":{"line":71,"column":21},"end":{"line":71,"column":22}},"loc":{"start":{"line":71,"column":41},"end":{"line":77,"column":1}},"line":71},"8":{"name":"(anonymous_8)","decl":{"start":{"line":79,"column":20},"end":{"line":79,"column":21}},"loc":{"start":{"line":79,"column":40},"end":{"line":87,"column":1}},"line":79},"9":{"name":"(anonymous_9)","decl":{"start":{"line":89,"column":23},"end":{"line":89,"column":24}},"loc":{"start":{"line":89,"column":43},"end":{"line":94,"column":1}},"line":89},"10":{"name":"(anonymous_10)","decl":{"start":{"line":98,"column":22},"end":{"line":98,"column":23}},"loc":{"start":{"line":98,"column":42},"end":{"line":104,"column":1}},"line":98},"11":{"name":"(anonymous_11)","decl":{"start":{"line":108,"column":19},"end":{"line":108,"column":20}},"loc":{"start":{"line":108,"column":39},"end":{"line":160,"column":1}},"line":108}},"branchMap":{"0":{"loc":{"start":{"line":18,"column":4},"end":{"line":18,"column":94}},"type":"if","locations":[{"start":{"line":18,"column":4},"end":{"line":18,"column":94}},{"start":{},"end":{}}],"line":18},"1":{"loc":{"start":{"line":53,"column":4},"end":{"line":55,"column":5}},"type":"if","locations":[{"start":{"line":53,"column":4},"end":{"line":55,"column":5}},{"start":{},"end":{}}],"line":53},"2":{"loc":{"start":{"line":53,"column":8},"end":{"line":53,"column":42}},"type":"binary-expr","locations":[{"start":{"line":53,"column":8},"end":{"line":53,"column":24}},{"start":{"line":53,"column":28},"end":{"line":53,"column":42}}],"line":53},"3":{"loc":{"start":{"line":83,"column":4},"end":{"line":83,"column":88}},"type":"if","locations":[{"start":{"line":83,"column":4},"end":{"line":83,"column":88}},{"start":{},"end":{}}],"line":83},"4":{"loc":{"start":{"line":112,"column":4},"end":{"line":112,"column":88}},"type":"if","locations":[{"start":{"line":112,"column":4},"end":{"line":112,"column":88}},{"start":{},"end":{}}],"line":112}},"s":{"0":0,"1":0,"2":0,"3":0,"4":0,"5":0,"6":0,"7":0,"8":0,"9":0,"10":0,"11":0,"12":0,"13":0,"14":0,"15":0,"16":0,"17":0,"18":0,"19":0,"20":0,"21":0,"22":0,"23":0,"24":0,"25":0,"26":0,"27":0,"28":0,"29":0,"30":0,"31":0,"32":0,"33":0,"34":0,"35":0,"36":0,"37":0,"38":0,"39":0,"40":0,"41":0,"42":0,"43":0,"44":0,"45":0,"46":0,"47":0,"48":0,"49":0,"50":0,"51":0,"52":0,"53":0,"54":0,"55":0,"56":0,"57":0,"58":0,"59":0,"60":0,"61":0,"62":0,"63":0,"64":0,"65":0,"66":0,"67":0,"68":0,"69":0,"70":0,"71":0,"72":0,"73":0,"74":0,"75":0,"76":0,"77":0},"f":{"0":0,"1":0,"2":0,"3":0,"4":0,"5":0,"6":0,"7":0,"8":0,"9":0,"10":0,"11":0},"b":{"0":[0,0],"1":[0,0],"2":[0,0],"3":[0,0],"4":[0,0]}}
,"C:\\Users\\Michell Ann Tabanao\\AgriCentral\\server\\src\\controllers\\farmerCrop.controller.js": {"path":"C:\\Users\\Michell Ann Tabanao\\AgriCentral\\server\\src\\controllers\\farmerCrop.controller.js","statementMap":{"0":{"start":{"line":1,"column":19},"end":{"line":1,"column":56}},"1":{"start":{"line":2,"column":15},"end":{"line":2,"column":48}},"2":{"start":{"line":3,"column":13},"end":{"line":3,"column":44}},"3":{"start":{"line":6,"column":0},"end":{"line":16,"column":2}},"4":{"start":{"line":7,"column":2},"end":{"line":15,"column":3}},"5":{"start":{"line":8,"column":24},"end":{"line":11,"column":33}},"6":{"start":{"line":12,"column":4},"end":{"line":12,"column":26}},"7":{"start":{"line":14,"column":4},"end":{"line":14,"column":51}},"8":{"start":{"line":19,"column":0},"end":{"line":31,"column":2}},"9":{"start":{"line":20,"column":2},"end":{"line":30,"column":3}},"10":{"start":{"line":21,"column":19},"end":{"line":21,"column":36}},"11":{"start":{"line":22,"column":24},"end":{"line":25,"column":33}},"12":{"start":{"line":27,"column":4},"end":{"line":27,"column":26}},"13":{"start":{"line":29,"column":4},"end":{"line":29,"column":51}},"14":{"start":{"line":34,"column":0},"end":{"line":46,"column":2}},"15":{"start":{"line":35,"column":2},"end":{"line":45,"column":3}},"16":{"start":{"line":36,"column":21},"end":{"line":36,"column":40}},"17":{"start":{"line":37,"column":24},"end":{"line":40,"column":33}},"18":{"start":{"line":42,"column":4},"end":{"line":42,"column":26}},"19":{"start":{"line":44,"column":4},"end":{"line":44,"column":51}},"20":{"start":{"line":49,"column":0},"end":{"line":88,"column":2}},"21":{"start":{"line":50,"column":2},"end":{"line":87,"column":3}},"22":{"start":{"line":51,"column":88},"end":{"line":51,"column":96}},"23":{"start":{"line":54,"column":19},"end":{"line":54,"column":50}},"24":{"start":{"line":55,"column":4},"end":{"line":57,"column":5}},"25":{"start":{"line":56,"column":6},"end":{"line":56,"column":68}},"26":{"start":{"line":60,"column":17},"end":{"line":60,"column":44}},"27":{"start":{"line":61,"column":4},"end":{"line":63,"column":5}},"28":{"start":{"line":62,"column":6},"end":{"line":62,"column":66}},"29":{"start":{"line":66,"column":21},"end":{"line":66,"column":67}},"30":{"start":{"line":67,"column":4},"end":{"line":69,"column":5}},"31":{"start":{"line":68,"column":6},"end":{"line":68,"column":88}},"32":{"start":{"line":71,"column":23},"end":{"line":78,"column":6}},"33":{"start":{"line":80,"column":32},"end":{"line":82,"column":48}},"34":{"start":{"line":84,"column":4},"end":{"line":84,"column":46}},"35":{"start":{"line":86,"column":4},"end":{"line":86,"column":51}},"36":{"start":{"line":91,"column":0},"end":{"line":111,"column":2}},"37":{"start":{"line":92,"column":2},"end":{"line":110,"column":3}},"38":{"start":{"line":93,"column":78},"end":{"line":93,"column":86}},"39":{"start":{"line":95,"column":23},"end":{"line":101,"column":46}},"40":{"start":{"line":103,"column":4},"end":{"line":105,"column":5}},"41":{"start":{"line":104,"column":6},"end":{"line":104,"column":86}},"42":{"start":{"line":107,"column":4},"end":{"line":107,"column":25}},"43":{"start":{"line":109,"column":4},"end":{"line":109,"column":51}},"44":{"start":{"line":114,"column":0},"end":{"line":124,"column":2}},"45":{"start":{"line":115,"column":2},"end":{"line":123,"column":3}},"46":{"start":{"line":116,"column":23},"end":{"line":116,"column":72}},"47":{"start":{"line":117,"column":4},"end":{"line":119,"column":5}},"48":{"start":{"line":118,"column":6},"end":{"line":118,"column":86}},"49":{"start":{"line":120,"column":4},"end":{"line":120,"column":68}},"50":{"start":{"line":122,"column":4},"end":{"line":122,"column":51}}},"fnMap":{"0":{"name":"(anonymous_0)","decl":{"start":{"line":6,"column":25},"end":{"line":6,"column":26}},"loc":{"start":{"line":6,"column":45},"end":{"line":16,"column":1}},"line":6},"1":{"name":"(anonymous_1)","decl":{"start":{"line":19,"column":27},"end":{"line":19,"column":28}},"loc":{"start":{"line":19,"column":47},"end":{"line":31,"column":1}},"line":19},"2":{"name":"(anonymous_2)","decl":{"start":{"line":34,"column":27},"end":{"line":34,"column":28}},"loc":{"start":{"line":34,"column":47},"end":{"line":46,"column":1}},"line":34},"3":{"name":"(anonymous_3)","decl":{"start":{"line":49,"column":29},"end":{"line":49,"column":30}},"loc":{"start":{"line":49,"column":49},"end":{"line":88,"column":1}},"line":49},"4":{"name":"(anonymous_4)","decl":{"start":{"line":91,"column":27},"end":{"line":91,"column":28}},"loc":{"start":{"line":91,"column":47},"end":{"line":111,"column":1}},"line":91},"5":{"name":"(anonymous_5)","decl":{"start":{"line":114,"column":31},"end":{"line":114,"column":32}},"loc":{"start":{"line":114,"column":51},"end":{"line":124,"column":1}},"line":114}},"branchMap":{"0":{"loc":{"start":{"line":55,"column":4},"end":{"line":57,"column":5}},"type":"if","locations":[{"start":{"line":55,"column":4},"end":{"line":57,"column":5}},{"start":{},"end":{}}],"line":55},"1":{"loc":{"start":{"line":61,"column":4},"end":{"line":63,"column":5}},"type":"if","locations":[{"start":{"line":61,"column":4},"end":{"line":63,"column":5}},{"start":{},"end":{}}],"line":61},"2":{"loc":{"start":{"line":67,"column":4},"end":{"line":69,"column":5}},"type":"if","locations":[{"start":{"line":67,"column":4},"end":{"line":69,"column":5}},{"start":{},"end":{}}],"line":67},"3":{"loc":{"start":{"line":74,"column":20},"end":{"line":74,"column":46}},"type":"binary-expr","locations":[{"start":{"line":74,"column":20},"end":{"line":74,"column":32}},{"start":{"line":74,"column":36},"end":{"line":74,"column":46}}],"line":74},"4":{"loc":{"start":{"line":103,"column":4},"end":{"line":105,"column":5}},"type":"if","locations":[{"start":{"line":103,"column":4},"end":{"line":105,"column":5}},{"start":{},"end":{}}],"line":103},"5":{"loc":{"start":{"line":117,"column":4},"end":{"line":119,"column":5}},"type":"if","locations":[{"start":{"line":117,"column":4},"end":{"line":119,"column":5}},{"start":{},"end":{}}],"line":117}},"s":{"0":0,"1":0,"2":0,"3":0,"4":0,"5":0,"6":0,"7":0,"8":0,"9":0,"10":0,"11":0,"12":0,"13":0,"14":0,"15":0,"16":0,"17":0,"18":0,"19":0,"20":0,"21":0,"22":0,"23":0,"24":0,"25":0,"26":0,"27":0,"28":0,"29":0,"30":0,"31":0,"32":0,"33":0,"34":0,"35":0,"36":0,"37":0,"38":0,"39":0,"40":0,"41":0,"42":0,"43":0,"44":0,"45":0,"46":0,"47":0,"48":0,"49":0,"50":0},"f":{"0":0,"1":0,"2":0,"3":0,"4":0,"5":0},"b":{"0":[0,0],"1":[0,0],"2":[0,0],"3":[0,0],"4":[0,0],"5":[0,0]}}
,"C:\\Users\\Michell Ann Tabanao\\AgriCentral\\server\\src\\controllers\\user.controller.js": {"path":"C:\\Users\\Michell Ann Tabanao\\AgriCentral\\server\\src\\controllers\\user.controller.js","statementMap":{"0":{"start":{"line":1,"column":13},"end":{"line":1,"column":44}},"1":{"start":{"line":2,"column":15},"end":{"line":2,"column":34}},"2":{"start":{"line":4,"column":0},"end":{"line":11,"column":2}},"3":{"start":{"line":5,"column":2},"end":{"line":10,"column":3}},"4":{"start":{"line":6,"column":18},"end":{"line":6,"column":59}},"5":{"start":{"line":7,"column":4},"end":{"line":7,"column":20}},"6":{"start":{"line":9,"column":4},"end":{"line":9,"column":51}},"7":{"start":{"line":13,"column":0},"end":{"line":45,"column":2}},"8":{"start":{"line":14,"column":2},"end":{"line":44,"column":3}},"9":{"start":{"line":15,"column":58},"end":{"line":15,"column":66}},"10":{"start":{"line":18,"column":4},"end":{"line":20,"column":5}},"11":{"start":{"line":19,"column":6},"end":{"line":19,"column":104}},"12":{"start":{"line":22,"column":21},"end":{"line":22,"column":53}},"13":{"start":{"line":23,"column":4},"end":{"line":23,"column":87}},"14":{"start":{"line":23,"column":18},"end":{"line":23,"column":87}},"15":{"start":{"line":25,"column":25},"end":{"line":25,"column":56}},"16":{"start":{"line":26,"column":17},"end":{"line":33,"column":6}},"17":{"start":{"line":35,"column":25},"end":{"line":35,"column":40}},"18":{"start":{"line":36,"column":4},"end":{"line":36,"column":37}},"19":{"start":{"line":38,"column":4},"end":{"line":41,"column":7}},"20":{"start":{"line":43,"column":4},"end":{"line":43,"column":51}},"21":{"start":{"line":47,"column":0},"end":{"line":66,"column":2}},"22":{"start":{"line":48,"column":2},"end":{"line":65,"column":3}},"23":{"start":{"line":49,"column":23},"end":{"line":49,"column":31}},"24":{"start":{"line":50,"column":4},"end":{"line":52,"column":5}},"25":{"start":{"line":51,"column":6},"end":{"line":51,"column":94}},"26":{"start":{"line":54,"column":17},"end":{"line":54,"column":111}},"27":{"start":{"line":55,"column":4},"end":{"line":57,"column":5}},"28":{"start":{"line":56,"column":6},"end":{"line":56,"column":66}},"29":{"start":{"line":59,"column":4},"end":{"line":62,"column":7}},"30":{"start":{"line":64,"column":4},"end":{"line":64,"column":51}},"31":{"start":{"line":68,"column":0},"end":{"line":88,"column":2}},"32":{"start":{"line":69,"column":2},"end":{"line":87,"column":3}},"33":{"start":{"line":70,"column":17},"end":{"line":70,"column":51}},"34":{"start":{"line":71,"column":4},"end":{"line":73,"column":5}},"35":{"start":{"line":72,"column":6},"end":{"line":72,"column":66}},"36":{"start":{"line":76,"column":4},"end":{"line":81,"column":5}},"37":{"start":{"line":77,"column":25},"end":{"line":77,"column":69}},"38":{"start":{"line":78,"column":6},"end":{"line":80,"column":7}},"39":{"start":{"line":79,"column":8},"end":{"line":79,"column":87}},"40":{"start":{"line":83,"column":4},"end":{"line":83,"column":48}},"41":{"start":{"line":84,"column":4},"end":{"line":84,"column":56}},"42":{"start":{"line":86,"column":4},"end":{"line":86,"column":51}},"43":{"start":{"line":90,"column":0},"end":{"line":120,"column":2}},"44":{"start":{"line":91,"column":2},"end":{"line":119,"column":3}},"45":{"start":{"line":92,"column":56},"end":{"line":92,"column":64}},"46":{"start":{"line":93,"column":19},"end":{"line":93,"column":32}},"47":{"start":{"line":96,"column":4},"end":{"line":99,"column":5}},"48":{"start":{"line":97,"column":23},"end":{"line":97,"column":77}},"49":{"start":{"line":98,"column":6},"end":{"line":98,"column":89}},"50":{"start":{"line":98,"column":20},"end":{"line":98,"column":89}},"51":{"start":{"line":101,"column":23},"end":{"line":101,"column":25}},"52":{"start":{"line":102,"column":4},"end":{"line":102,"column":49}},"53":{"start":{"line":102,"column":18},"end":{"line":102,"column":49}},"54":{"start":{"line":103,"column":4},"end":{"line":103,"column":49}},"55":{"start":{"line":103,"column":18},"end":{"line":103,"column":49}},"56":{"start":{"line":104,"column":4},"end":{"line":104,"column":54}},"57":{"start":{"line":104,"column":29},"end":{"line":104,"column":54}},"58":{"start":{"line":105,"column":4},"end":{"line":105,"column":37}},"59":{"start":{"line":105,"column":14},"end":{"line":105,"column":37}},"60":{"start":{"line":106,"column":4},"end":{"line":106,"column":43}},"61":{"start":{"line":106,"column":16},"end":{"line":106,"column":43}},"62":{"start":{"line":108,"column":17},"end":{"line":108,"column":104}},"63":{"start":{"line":109,"column":4},"end":{"line":111,"column":5}},"64":{"start":{"line":110,"column":6},"end":{"line":110,"column":66}},"65":{"start":{"line":113,"column":4},"end":{"line":116,"column":7}},"66":{"start":{"line":118,"column":4},"end":{"line":118,"column":51}},"67":{"start":{"line":122,"column":0},"end":{"line":140,"column":2}},"68":{"start":{"line":123,"column":2},"end":{"line":139,"column":3}},"69":{"start":{"line":124,"column":28},"end":{"line":124,"column":36}},"70":{"start":{"line":125,"column":4},"end":{"line":127,"column":5}},"71":{"start":{"line":126,"column":6},"end":{"line":126,"column":95}},"72":{"start":{"line":129,"column":25},"end":{"line":129,"column":59}},"73":{"start":{"line":130,"column":17},"end":{"line":130,"column":117}},"74":{"start":{"line":132,"column":4},"end":{"line":134,"column":5}},"75":{"start":{"line":133,"column":6},"end":{"line":133,"column":66}},"76":{"start":{"line":136,"column":4},"end":{"line":136,"column":58}},"77":{"start":{"line":138,"column":4},"end":{"line":138,"column":51}},"78":{"start":{"line":142,"column":0},"end":{"line":161,"column":2}},"79":{"start":{"line":143,"column":2},"end":{"line":160,"column":3}},"80":{"start":{"line":144,"column":23},"end":{"line":144,"column":50}},"81":{"start":{"line":145,"column":24},"end":{"line":145,"column":71}},"82":{"start":{"line":146,"column":26},"end":{"line":146,"column":75}},"83":{"start":{"line":148,"column":22},"end":{"line":150,"column":6}},"84":{"start":{"line":152,"column":4},"end":{"line":157,"column":7}},"85":{"start":{"line":159,"column":4},"end":{"line":159,"column":51}}},"fnMap":{"0":{"name":"(anonymous_0)","decl":{"start":{"line":4,"column":19},"end":{"line":4,"column":20}},"loc":{"start":{"line":4,"column":39},"end":{"line":11,"column":1}},"line":4},"1":{"name":"(anonymous_1)","decl":{"start":{"line":13,"column":21},"end":{"line":13,"column":22}},"loc":{"start":{"line":13,"column":41},"end":{"line":45,"column":1}},"line":13},"2":{"name":"(anonymous_2)","decl":{"start":{"line":47,"column":27},"end":{"line":47,"column":28}},"loc":{"start":{"line":47,"column":47},"end":{"line":66,"column":1}},"line":47},"3":{"name":"(anonymous_3)","decl":{"start":{"line":68,"column":21},"end":{"line":68,"column":22}},"loc":{"start":{"line":68,"column":41},"end":{"line":88,"column":1}},"line":68},"4":{"name":"(anonymous_4)","decl":{"start":{"line":90,"column":21},"end":{"line":90,"column":22}},"loc":{"start":{"line":90,"column":41},"end":{"line":120,"column":1}},"line":90},"5":{"name":"(anonymous_5)","decl":{"start":{"line":122,"column":28},"end":{"line":122,"column":29}},"loc":{"start":{"line":122,"column":48},"end":{"line":140,"column":1}},"line":122},"6":{"name":"(anonymous_6)","decl":{"start":{"line":142,"column":23},"end":{"line":142,"column":24}},"loc":{"start":{"line":142,"column":43},"end":{"line":161,"column":1}},"line":142}},"branchMap":{"0":{"loc":{"start":{"line":18,"column":4},"end":{"line":20,"column":5}},"type":"if","locations":[{"start":{"line":18,"column":4},"end":{"line":20,"column":5}},{"start":{},"end":{}}],"line":18},"1":{"loc":{"start":{"line":18,"column":8},"end":{"line":18,"column":52}},"type":"binary-expr","locations":[{"start":{"line":18,"column":8},"end":{"line":18,"column":17}},{"start":{"line":18,"column":21},"end":{"line":18,"column":30}},{"start":{"line":18,"column":34},"end":{"line":18,"column":43}},{"start":{"line":18,"column":47},"end":{"line":18,"column":52}}],"line":18},"2":{"loc":{"start":{"line":23,"column":4},"end":{"line":23,"column":87}},"type":"if","locations":[{"start":{"line":23,"column":4},"end":{"line":23,"column":87}},{"start":{},"end":{}}],"line":23},"3":{"loc":{"start":{"line":50,"column":4},"end":{"line":52,"column":5}},"type":"if","locations":[{"start":{"line":50,"column":4},"end":{"line":52,"column":5}},{"start":{},"end":{}}],"line":50},"4":{"loc":{"start":{"line":55,"column":4},"end":{"line":57,"column":5}},"type":"if","locations":[{"start":{"line":55,"column":4},"end":{"line":57,"column":5}},{"start":{},"end":{}}],"line":55},"5":{"loc":{"start":{"line":71,"column":4},"end":{"line":73,"column":5}},"type":"if","locations":[{"start":{"line":71,"column":4},"end":{"line":73,"column":5}},{"start":{},"end":{}}],"line":71},"6":{"loc":{"start":{"line":76,"column":4},"end":{"line":81,"column":5}},"type":"if","locations":[{"start":{"line":76,"column":4},"end":{"line":81,"column":5}},{"start":{},"end":{}}],"line":76},"7":{"loc":{"start":{"line":78,"column":6},"end":{"line":80,"column":7}},"type":"if","locations":[{"start":{"line":78,"column":6},"end":{"line":80,"column":7}},{"start":{},"end":{}}],"line":78},"8":{"loc":{"start":{"line":96,"column":4},"end":{"line":99,"column":5}},"type":"if","locations":[{"start":{"line":96,"column":4},"end":{"line":99,"column":5}},{"start":{},"end":{}}],"line":96},"9":{"loc":{"start":{"line":98,"column":6},"end":{"line":98,"column":89}},"type":"if","locations":[{"start":{"line":98,"column":6},"end":{"line":98,"column":89}},{"start":{},"end":{}}],"line":98},"10":{"loc":{"start":{"line":102,"column":4},"end":{"line":102,"column":49}},"type":"if","locations":[{"start":{"line":102,"column":4},"end":{"line":102,"column":49}},{"start":{},"end":{}}],"line":102},"11":{"loc":{"start":{"line":103,"column":4},"end":{"line":103,"column":49}},"type":"if","locations":[{"start":{"line":103,"column":4},"end":{"line":103,"column":49}},{"start":{},"end":{}}],"line":103},"12":{"loc":{"start":{"line":104,"column":4},"end":{"line":104,"column":54}},"type":"if","locations":[{"start":{"line":104,"column":4},"end":{"line":104,"column":54}},{"start":{},"end":{}}],"line":104},"13":{"loc":{"start":{"line":105,"column":4},"end":{"line":105,"column":37}},"type":"if","locations":[{"start":{"line":105,"column":4},"end":{"line":105,"column":37}},{"start":{},"end":{}}],"line":105},"14":{"loc":{"start":{"line":106,"column":4},"end":{"line":106,"column":43}},"type":"if","locations":[{"start":{"line":106,"column":4},"end":{"line":106,"column":43}},{"start":{},"end":{}}],"line":106},"15":{"loc":{"start":{"line":109,"column":4},"end":{"line":111,"column":5}},"type":"if","locations":[{"start":{"line":109,"column":4},"end":{"line":111,"column":5}},{"start":{},"end":{}}],"line":109},"16":{"loc":{"start":{"line":125,"column":4},"end":{"line":127,"column":5}},"type":"if","locations":[{"start":{"line":125,"column":4},"end":{"line":127,"column":5}},{"start":{},"end":{}}],"line":125},"17":{"loc":{"start":{"line":125,"column":8},"end":{"line":125,"column":46}},"type":"binary-expr","locations":[{"start":{"line":125,"column":8},"end":{"line":125,"column":20}},{"start":{"line":125,"column":24},"end":{"line":125,"column":46}}],"line":125},"18":{"loc":{"start":{"line":132,"column":4},"end":{"line":134,"column":5}},"type":"if","locations":[{"start":{"line":132,"column":4},"end":{"line":134,"column":5}},{"start":{},"end":{}}],"line":132}},"s":{"0":1,"1":1,"2":1,"3":1,"4":1,"5":1,"6":0,"7":1,"8":3,"9":3,"10":3,"11":1,"12":2,"13":2,"14":1,"15":1,"16":1,"17":1,"18":1,"19":1,"20":0,"21":1,"22":3,"23":3,"24":3,"25":1,"26":2,"27":2,"28":1,"29":1,"30":0,"31":1,"32":2,"33":2,"34":2,"35":0,"36":2,"37":1,"38":1,"39":1,"40":1,"41":1,"42":0,"43":1,"44":3,"45":3,"46":3,"47":3,"48":1,"49":1,"50":1,"51":2,"52":2,"53":2,"54":2,"55":0,"56":2,"57":0,"58":2,"59":0,"60":2,"61":0,"62":2,"63":2,"64":1,"65":1,"66":0,"67":1,"68":3,"69":3,"70":3,"71":1,"72":2,"73":2,"74":2,"75":1,"76":1,"77":0,"78":1,"79":1,"80":1,"81":1,"82":1,"83":1,"84":1,"85":0},"f":{"0":1,"1":3,"2":3,"3":2,"4":3,"5":3,"6":1},"b":{"0":[1,2],"1":[3,2,2,2],"2":[1,1],"3":[1,2],"4":[1,1],"5":[0,2],"6":[1,1],"7":[1,0],"8":[1,2],"9":[1,0],"10":[2,0],"11":[0,2],"12":[0,2],"13":[0,2],"14":[0,2],"15":[1,1],"16":[1,2],"17":[3,3],"18":[1,1]},"_coverageSchema":"1a1c01bbd47fc00a2c39e90264f33305004495a9","hash":"1138094069726ffbc20482dfa17214298cae0456"}
,"C:\\Users\\Michell Ann Tabanao\\AgriCentral\\server\\src\\middleware\\auth.middleware.js": {"path":"C:\\Users\\Michell Ann Tabanao\\AgriCentral\\server\\src\\middleware\\auth.middleware.js","statementMap":{"0":{"start":{"line":1,"column":12},"end":{"line":1,"column":35}},"1":{"start":{"line":3,"column":0},"end":{"line":14,"column":2}},"2":{"start":{"line":4,"column":15},"end":{"line":4,"column":40}},"3":{"start":{"line":5,"column":2},"end":{"line":6,"column":67}},"4":{"start":{"line":6,"column":4},"end":{"line":6,"column":67}},"5":{"start":{"line":8,"column":2},"end":{"line":13,"column":3}},"6":{"start":{"line":9,"column":4},"end":{"line":9,"column":70}},"7":{"start":{"line":10,"column":4},"end":{"line":10,"column":11}},"8":{"start":{"line":12,"column":4},"end":{"line":12,"column":74}},"9":{"start":{"line":16,"column":0},"end":{"line":20,"column":2}},"10":{"start":{"line":16,"column":36},"end":{"line":20,"column":1}},"11":{"start":{"line":17,"column":2},"end":{"line":18,"column":63}},"12":{"start":{"line":18,"column":4},"end":{"line":18,"column":63}},"13":{"start":{"line":19,"column":2},"end":{"line":19,"column":9}}},"fnMap":{"0":{"name":"(anonymous_0)","decl":{"start":{"line":3,"column":22},"end":{"line":3,"column":23}},"loc":{"start":{"line":3,"column":42},"end":{"line":14,"column":1}},"line":3},"1":{"name":"(anonymous_1)","decl":{"start":{"line":16,"column":22},"end":{"line":16,"column":23}},"loc":{"start":{"line":16,"column":36},"end":{"line":20,"column":1}},"line":16},"2":{"name":"(anonymous_2)","decl":{"start":{"line":16,"column":36},"end":{"line":16,"column":37}},"loc":{"start":{"line":16,"column":56},"end":{"line":20,"column":1}},"line":16}},"branchMap":{"0":{"loc":{"start":{"line":5,"column":2},"end":{"line":6,"column":67}},"type":"if","locations":[{"start":{"line":5,"column":2},"end":{"line":6,"column":67}},{"start":{},"end":{}}],"line":5},"1":{"loc":{"start":{"line":17,"column":2},"end":{"line":18,"column":63}},"type":"if","locations":[{"start":{"line":17,"column":2},"end":{"line":18,"column":63}},{"start":{},"end":{}}],"line":17}},"s":{"0":1,"1":1,"2":3,"3":3,"4":1,"5":2,"6":2,"7":1,"8":1,"9":1,"10":2,"11":2,"12":1,"13":1},"f":{"0":3,"1":2,"2":2},"b":{"0":[1,2],"1":[1,1]},"_coverageSchema":"1a1c01bbd47fc00a2c39e90264f33305004495a9","hash":"4f37c6212f023cd4fa5dcdb562cabe5ed84b7ac1"}
,"C:\\Users\\Michell Ann Tabanao\\AgriCentral\\server\\src\\models\\Association.model.js": {"path":"C:\\Users\\Michell Ann Tabanao\\AgriCentral\\server\\src\\models\\Association.model.js","statementMap":{"0":{"start":{"line":1,"column":17},"end":{"line":1,"column":36}},"1":{"start":{"line":3,"column":26},"end":{"line":8,"column":49}},"2":{"start":{"line":10,"column":0},"end":{"line":10,"column":66}}},"fnMap":{},"branchMap":{},"s":{"0":0,"1":0,"2":0},"f":{},"b":{}}
,"C:\\Users\\Michell Ann Tabanao\\AgriCentral\\server\\src\\models\\AssociationMember.model.js": {"path":"C:\\Users\\Michell Ann Tabanao\\AgriCentral\\server\\src\\models\\AssociationMember.model.js","statementMap":{"0":{"start":{"line":1,"column":17},"end":{"line":1,"column":36}},"1":{"start":{"line":3,"column":21},"end":{"line":6,"column":45}},"2":{"start":{"line":8,"column":0},"end":{"line":8,"column":72}},"3":{"start":{"line":10,"column":0},"end":{"line":10,"column":67}}},"fnMap":{},"branchMap":{},"s":{"0":0,"1":0,"2":0,"3":0},"f":{},"b":{}}
,"C:\\Users\\Michell Ann Tabanao\\AgriCentral\\server\\src\\models\\ConditionLog.model.js": {"path":"C:\\Users\\Michell Ann Tabanao\\AgriCentral\\server\\src\\models\\ConditionLog.model.js","statementMap":{"0":{"start":{"line":1,"column":17},"end":{"line":1,"column":36}},"1":{"start":{"line":3,"column":27},"end":{"line":40,"column":1}},"2":{"start":{"line":42,"column":0},"end":{"line":42,"column":68}}},"fnMap":{},"branchMap":{},"s":{"0":0,"1":0,"2":0},"f":{},"b":{}}
,"C:\\Users\\Michell Ann Tabanao\\AgriCentral\\server\\src\\models\\Crop.model.js": {"path":"C:\\Users\\Michell Ann Tabanao\\AgriCentral\\server\\src\\models\\Crop.model.js","statementMap":{"0":{"start":{"line":1,"column":17},"end":{"line":1,"column":36}},"1":{"start":{"line":3,"column":19},"end":{"line":12,"column":70}},"2":{"start":{"line":14,"column":0},"end":{"line":14,"column":52}}},"fnMap":{},"branchMap":{},"s":{"0":0,"1":0,"2":0},"f":{},"b":{}}
,"C:\\Users\\Michell Ann Tabanao\\AgriCentral\\server\\src\\models\\CropDamage.model.js": {"path":"C:\\Users\\Michell Ann Tabanao\\AgriCentral\\server\\src\\models\\CropDamage.model.js","statementMap":{"0":{"start":{"line":1,"column":17},"end":{"line":1,"column":36}},"1":{"start":{"line":3,"column":25},"end":{"line":55,"column":24}},"2":{"start":{"line":57,"column":0},"end":{"line":57,"column":64}}},"fnMap":{},"branchMap":{},"s":{"0":0,"1":0,"2":0},"f":{},"b":{}}
,"C:\\Users\\Michell Ann Tabanao\\AgriCentral\\server\\src\\models\\EquipmentRequest.model.js": {"path":"C:\\Users\\Michell Ann Tabanao\\AgriCentral\\server\\src\\models\\EquipmentRequest.model.js","statementMap":{"0":{"start":{"line":1,"column":17},"end":{"line":1,"column":36}},"1":{"start":{"line":3,"column":31},"end":{"line":47,"column":1}},"2":{"start":{"line":50,"column":0},"end":{"line":52,"column":3}},"3":{"start":{"line":51,"column":2},"end":{"line":51,"column":107}},"4":{"start":{"line":54,"column":0},"end":{"line":54,"column":76}}},"fnMap":{"0":{"name":"(anonymous_0)","decl":{"start":{"line":50,"column":36},"end":{"line":50,"column":37}},"loc":{"start":{"line":50,"column":48},"end":{"line":52,"column":1}},"line":50}},"branchMap":{},"s":{"0":0,"1":0,"2":0,"3":0,"4":0},"f":{"0":0},"b":{}}
,"C:\\Users\\Michell Ann Tabanao\\AgriCentral\\server\\src\\models\\Farmer.model.js": {"path":"C:\\Users\\Michell Ann Tabanao\\AgriCentral\\server\\src\\models\\Farmer.model.js","statementMap":{"0":{"start":{"line":1,"column":17},"end":{"line":1,"column":36}},"1":{"start":{"line":3,"column":21},"end":{"line":11,"column":49}},"2":{"start":{"line":13,"column":0},"end":{"line":13,"column":56}}},"fnMap":{},"branchMap":{},"s":{"0":0,"1":0,"2":0},"f":{},"b":{}}
,"C:\\Users\\Michell Ann Tabanao\\AgriCentral\\server\\src\\models\\FarmerCrop.model.js": {"path":"C:\\Users\\Michell Ann Tabanao\\AgriCentral\\server\\src\\models\\FarmerCrop.model.js","statementMap":{"0":{"start":{"line":1,"column":17},"end":{"line":1,"column":36}},"1":{"start":{"line":3,"column":25},"end":{"line":32,"column":24}},"2":{"start":{"line":35,"column":0},"end":{"line":35,"column":69}},"3":{"start":{"line":37,"column":0},"end":{"line":37,"column":64}}},"fnMap":{},"branchMap":{},"s":{"0":0,"1":0,"2":0,"3":0},"f":{},"b":{}}
,"C:\\Users\\Michell Ann Tabanao\\AgriCentral\\server\\src\\models\\User.model.js": {"path":"C:\\Users\\Michell Ann Tabanao\\AgriCentral\\server\\src\\models\\User.model.js","statementMap":{"0":{"start":{"line":1,"column":17},"end":{"line":1,"column":36}},"1":{"start":{"line":3,"column":19},"end":{"line":21,"column":24}},"2":{"start":{"line":23,"column":0},"end":{"line":23,"column":52}}},"fnMap":{},"branchMap":{},"s":{"0":3,"1":3,"2":3},"f":{},"b":{},"_coverageSchema":"1a1c01bbd47fc00a2c39e90264f33305004495a9","hash":"5f501ad720b49691d798e3c84db59d543e34b70b"}
,"C:\\Users\\Michell Ann Tabanao\\AgriCentral\\server\\src\\models\\equipment.model.js": {"path":"C:\\Users\\Michell Ann Tabanao\\AgriCentral\\server\\src\\models\\equipment.model.js","statementMap":{"0":{"start":{"line":1,"column":17},"end":{"line":1,"column":36}},"1":{"start":{"line":3,"column":24},"end":{"line":43,"column":24}},"2":{"start":{"line":8,"column":19},"end":{"line":8,"column":49}},"3":{"start":{"line":45,"column":0},"end":{"line":45,"column":62}}},"fnMap":{"0":{"name":"(anonymous_0)","decl":{"start":{"line":8,"column":13},"end":{"line":8,"column":14}},"loc":{"start":{"line":8,"column":19},"end":{"line":8,"column":49}},"line":8}},"branchMap":{},"s":{"0":0,"1":0,"2":0,"3":0},"f":{"0":0},"b":{}}
,"C:\\Users\\Michell Ann Tabanao\\AgriCentral\\server\\src\\routes\\auth.routes.js": {"path":"C:\\Users\\Michell Ann Tabanao\\AgriCentral\\server\\src\\routes\\auth.routes.js","statementMap":{"0":{"start":{"line":1,"column":16},"end":{"line":1,"column":34}},"1":{"start":{"line":2,"column":15},"end":{"line":2,"column":31}},"2":{"start":{"line":3,"column":18},"end":{"line":3,"column":59}},"3":{"start":{"line":5,"column":0},"end":{"line":5,"column":29}},"4":{"start":{"line":7,"column":0},"end":{"line":7,"column":24}}},"fnMap":{},"branchMap":{},"s":{"0":1,"1":1,"2":1,"3":1,"4":1},"f":{},"b":{},"_coverageSchema":"1a1c01bbd47fc00a2c39e90264f33305004495a9","hash":"0bcd5746dfa191dca813594dea42474f12cd649c"}
,"C:\\Users\\Michell Ann Tabanao\\AgriCentral\\server\\src\\routes\\conditionLog.routes.js": {"path":"C:\\Users\\Michell Ann Tabanao\\AgriCentral\\server\\src\\routes\\conditionLog.routes.js","statementMap":{"0":{"start":{"line":1,"column":16},"end":{"line":1,"column":34}},"1":{"start":{"line":2,"column":15},"end":{"line":2,"column":31}},"2":{"start":{"line":3,"column":37},"end":{"line":3,"column":77}},"3":{"start":{"line":4,"column":10},"end":{"line":4,"column":59}},"4":{"start":{"line":7,"column":0},"end":{"line":12,"column":2}},"5":{"start":{"line":15,"column":0},"end":{"line":21,"column":2}},"6":{"start":{"line":24,"column":0},"end":{"line":29,"column":2}},"7":{"start":{"line":31,"column":0},"end":{"line":31,"column":24}}},"fnMap":{},"branchMap":{},"s":{"0":0,"1":0,"2":0,"3":0,"4":0,"5":0,"6":0,"7":0},"f":{},"b":{}}
,"C:\\Users\\Michell Ann Tabanao\\AgriCentral\\server\\src\\routes\\cropDamage.routes.js": {"path":"C:\\Users\\Michell Ann Tabanao\\AgriCentral\\server\\src\\routes\\cropDamage.routes.js","statementMap":{"0":{"start":{"line":1,"column":16},"end":{"line":1,"column":34}},"1":{"start":{"line":2,"column":15},"end":{"line":2,"column":31}},"2":{"start":{"line":3,"column":37},"end":{"line":3,"column":77}},"3":{"start":{"line":4,"column":11},"end":{"line":4,"column":58}},"4":{"start":{"line":6,"column":14},"end":{"line":6,"column":48}},"5":{"start":{"line":9,"column":0},"end":{"line":9,"column":31}},"6":{"start":{"line":12,"column":0},"end":{"line":12,"column":38}},"7":{"start":{"line":15,"column":0},"end":{"line":15,"column":55}},"8":{"start":{"line":18,"column":0},"end":{"line":18,"column":49}},"9":{"start":{"line":21,"column":0},"end":{"line":21,"column":53}},"10":{"start":{"line":24,"column":0},"end":{"line":24,"column":40}},"11":{"start":{"line":27,"column":0},"end":{"line":27,"column":38}},"12":{"start":{"line":30,"column":0},"end":{"line":30,"column":40}},"13":{"start":{"line":33,"column":0},"end":{"line":33,"column":43}},"14":{"start":{"line":35,"column":0},"end":{"line":35,"column":24}}},"fnMap":{},"branchMap":{},"s":{"0":0,"1":0,"2":0,"3":0,"4":0,"5":0,"6":0,"7":0,"8":0,"9":0,"10":0,"11":0,"12":0,"13":0,"14":0},"f":{},"b":{}}
,"C:\\Users\\Michell Ann Tabanao\\AgriCentral\\server\\src\\routes\\crops.routes.js": {"path":"C:\\Users\\Michell Ann Tabanao\\AgriCentral\\server\\src\\routes\\crops.routes.js","statementMap":{"0":{"start":{"line":1,"column":16},"end":{"line":1,"column":34}},"1":{"start":{"line":2,"column":15},"end":{"line":2,"column":31}},"2":{"start":{"line":3,"column":37},"end":{"line":3,"column":77}},"3":{"start":{"line":4,"column":10},"end":{"line":4,"column":51}},"4":{"start":{"line":6,"column":14},"end":{"line":6,"column":48}},"5":{"start":{"line":9,"column":0},"end":{"line":9,"column":40}},"6":{"start":{"line":12,"column":0},"end":{"line":12,"column":46}},"7":{"start":{"line":13,"column":0},"end":{"line":13,"column":56}},"8":{"start":{"line":14,"column":0},"end":{"line":14,"column":59}},"9":{"start":{"line":15,"column":0},"end":{"line":15,"column":62}},"10":{"start":{"line":17,"column":0},"end":{"line":17,"column":24}}},"fnMap":{},"branchMap":{},"s":{"0":0,"1":0,"2":0,"3":0,"4":0,"5":0,"6":0,"7":0,"8":0,"9":0,"10":0},"f":{},"b":{}}
,"C:\\Users\\Michell Ann Tabanao\\AgriCentral\\server\\src\\routes\\equipment.routes.js": {"path":"C:\\Users\\Michell Ann Tabanao\\AgriCentral\\server\\src\\routes\\equipment.routes.js","statementMap":{"0":{"start":{"line":1,"column":16},"end":{"line":1,"column":34}},"1":{"start":{"line":2,"column":15},"end":{"line":2,"column":31}},"2":{"start":{"line":3,"column":28},"end":{"line":3,"column":74}},"3":{"start":{"line":6,"column":0},"end":{"line":6,"column":50}},"4":{"start":{"line":7,"column":0},"end":{"line":7,"column":54}},"5":{"start":{"line":8,"column":0},"end":{"line":8,"column":56}},"6":{"start":{"line":9,"column":0},"end":{"line":9,"column":59}},"7":{"start":{"line":11,"column":0},"end":{"line":11,"column":24}}},"fnMap":{},"branchMap":{},"s":{"0":0,"1":0,"2":0,"3":0,"4":0,"5":0,"6":0,"7":0},"f":{},"b":{}}
,"C:\\Users\\Michell Ann Tabanao\\AgriCentral\\server\\src\\routes\\equipmentRequest.routes.js": {"path":"C:\\Users\\Michell Ann Tabanao\\AgriCentral\\server\\src\\routes\\equipmentRequest.routes.js","statementMap":{"0":{"start":{"line":1,"column":16},"end":{"line":1,"column":34}},"1":{"start":{"line":2,"column":15},"end":{"line":2,"column":31}},"2":{"start":{"line":3,"column":37},"end":{"line":3,"column":77}},"3":{"start":{"line":4,"column":10},"end":{"line":4,"column":63}},"4":{"start":{"line":7,"column":0},"end":{"line":12,"column":2}},"5":{"start":{"line":15,"column":0},"end":{"line":20,"column":2}},"6":{"start":{"line":23,"column":0},"end":{"line":28,"column":2}},"7":{"start":{"line":31,"column":0},"end":{"line":35,"column":2}},"8":{"start":{"line":38,"column":0},"end":{"line":43,"column":2}},"9":{"start":{"line":46,"column":0},"end":{"line":51,"column":2}},"10":{"start":{"line":53,"column":0},"end":{"line":53,"column":24}}},"fnMap":{},"branchMap":{},"s":{"0":0,"1":0,"2":0,"3":0,"4":0,"5":0,"6":0,"7":0,"8":0,"9":0,"10":0},"f":{},"b":{}}
,"C:\\Users\\Michell Ann Tabanao\\AgriCentral\\server\\src\\routes\\farmer.routes.js": {"path":"C:\\Users\\Michell Ann Tabanao\\AgriCentral\\server\\src\\routes\\farmer.routes.js","statementMap":{"0":{"start":{"line":1,"column":16},"end":{"line":1,"column":34}},"1":{"start":{"line":2,"column":16},"end":{"line":2,"column":32}},"2":{"start":{"line":3,"column":37},"end":{"line":3,"column":77}},"3":{"start":{"line":4,"column":10},"end":{"line":4,"column":53}},"4":{"start":{"line":6,"column":14},"end":{"line":6,"column":48}},"5":{"start":{"line":9,"column":0},"end":{"line":9,"column":63}},"6":{"start":{"line":11,"column":0},"end":{"line":11,"column":85}},"7":{"start":{"line":12,"column":0},"end":{"line":12,"column":87}},"8":{"start":{"line":13,"column":0},"end":{"line":13,"column":87}},"9":{"start":{"line":15,"column":0},"end":{"line":15,"column":90}},"10":{"start":{"line":16,"column":0},"end":{"line":16,"column":92}},"11":{"start":{"line":17,"column":0},"end":{"line":17,"column":92}},"12":{"start":{"line":19,"column":0},"end":{"line":19,"column":85}},"13":{"start":{"line":20,"column":0},"end":{"line":20,"column":84}},"14":{"start":{"line":21,"column":0},"end":{"line":21,"column":89}},"15":{"start":{"line":23,"column":0},"end":{"line":23,"column":86}},"16":{"start":{"line":25,"column":0},"end":{"line":25,"column":24}}},"fnMap":{},"branchMap":{},"s":{"0":0,"1":0,"2":0,"3":0,"4":0,"5":0,"6":0,"7":0,"8":0,"9":0,"10":0,"11":0,"12":0,"13":0,"14":0,"15":0,"16":0},"f":{},"b":{}}
,"C:\\Users\\Michell Ann Tabanao\\AgriCentral\\server\\src\\routes\\farmerCrop.routes.js": {"path":"C:\\Users\\Michell Ann Tabanao\\AgriCentral\\server\\src\\routes\\farmerCrop.routes.js","statementMap":{"0":{"start":{"line":1,"column":16},"end":{"line":1,"column":34}},"1":{"start":{"line":2,"column":15},"end":{"line":2,"column":31}},"2":{"start":{"line":3,"column":37},"end":{"line":3,"column":77}},"3":{"start":{"line":4,"column":11},"end":{"line":4,"column":58}},"4":{"start":{"line":6,"column":14},"end":{"line":6,"column":48}},"5":{"start":{"line":9,"column":0},"end":{"line":9,"column":31}},"6":{"start":{"line":12,"column":0},"end":{"line":12,"column":35}},"7":{"start":{"line":15,"column":0},"end":{"line":15,"column":49}},"8":{"start":{"line":18,"column":0},"end":{"line":18,"column":53}},"9":{"start":{"line":21,"column":0},"end":{"line":21,"column":40}},"10":{"start":{"line":24,"column":0},"end":{"line":24,"column":40}},"11":{"start":{"line":27,"column":0},"end":{"line":27,"column":47}},"12":{"start":{"line":29,"column":0},"end":{"line":29,"column":24}}},"fnMap":{},"branchMap":{},"s":{"0":0,"1":0,"2":0,"3":0,"4":0,"5":0,"6":0,"7":0,"8":0,"9":0,"10":0,"11":0,"12":0},"f":{},"b":{}}
,"C:\\Users\\Michell Ann Tabanao\\AgriCentral\\server\\src\\routes\\user.routes.js": {"path":"C:\\Users\\Michell Ann Tabanao\\AgriCentral\\server\\src\\routes\\user.routes.js","statementMap":{"0":{"start":{"line":1,"column":16},"end":{"line":1,"column":34}},"1":{"start":{"line":2,"column":15},"end":{"line":2,"column":31}},"2":{"start":{"line":3,"column":37},"end":{"line":3,"column":77}},"3":{"start":{"line":4,"column":108},"end":{"line":4,"column":149}},"4":{"start":{"line":7,"column":18},"end":{"line":7,"column":38}},"5":{"start":{"line":9,"column":0},"end":{"line":9,"column":35}},"6":{"start":{"line":11,"column":0},"end":{"line":11,"column":26}},"7":{"start":{"line":12,"column":0},"end":{"line":12,"column":35}},"8":{"start":{"line":13,"column":0},"end":{"line":13,"column":29}},"9":{"start":{"line":14,"column":0},"end":{"line":14,"column":31}},"10":{"start":{"line":15,"column":0},"end":{"line":15,"column":46}},"11":{"start":{"line":16,"column":0},"end":{"line":16,"column":55}},"12":{"start":{"line":17,"column":0},"end":{"line":17,"column":34}},"13":{"start":{"line":19,"column":0},"end":{"line":19,"column":24}}},"fnMap":{},"branchMap":{},"s":{"0":0,"1":0,"2":0,"3":0,"4":0,"5":0,"6":0,"7":0,"8":0,"9":0,"10":0,"11":0,"12":0,"13":0},"f":{},"b":{}}
}
