TN:
SF:src\app.js
FN:13,(anonymous_0)
FNF:1
FNH:0
FNDA:0,(anonymous_0)
DA:1,1
DA:2,1
DA:3,1
DA:4,1
DA:6,1
DA:8,1
DA:9,1
DA:10,1
DA:11,1
DA:13,1
DA:14,0
DA:17,1
LF:12
LH:11
BRF:0
BRH:0
end_of_record
TN:
SF:src\controllers\auth.controller.js
FN:5,(anonymous_0)
FNF:1
FNH:1
FNDA:5,(anonymous_0)
DA:1,2
DA:2,2
DA:3,2
DA:5,2
DA:6,5
DA:7,5
DA:9,5
DA:10,5
DA:12,4
DA:13,1
DA:15,3
DA:16,3
DA:18,2
DA:24,2
DA:30,0
DA:31,0
LF:16
LH:14
BRDA:10,0,0,1
BRDA:10,0,1,4
BRDA:12,1,0,1
BRDA:12,1,1,3
BRDA:16,2,0,1
BRDA:16,2,1,2
BRF:6
BRH:6
end_of_record
TN:
SF:src\controllers\conditionLog.controller.js
FN:5,(anonymous_0)
FN:19,(anonymous_1)
FN:60,(anonymous_2)
FNF:3
FNH:0
FNDA:0,(anonymous_0)
FNDA:0,(anonymous_1)
FNDA:0,(anonymous_2)
DA:1,0
DA:2,0
DA:5,0
DA:6,0
DA:7,0
DA:12,0
DA:14,0
DA:19,0
DA:20,0
DA:21,0
DA:23,0
DA:24,0
DA:30,0
DA:31,0
DA:32,0
DA:36,0
DA:41,0
DA:49,0
DA:50,0
DA:51,0
DA:53,0
DA:55,0
DA:60,0
DA:61,0
DA:62,0
DA:64,0
DA:65,0
DA:66,0
DA:69,0
DA:70,0
DA:73,0
DA:74,0
DA:75,0
DA:77,0
DA:78,0
DA:79,0
DA:80,0
DA:82,0
DA:84,0
LF:39
LH:0
BRDA:23,0,0,0
BRDA:23,0,1,0
BRDA:23,1,0,0
BRDA:23,1,1,0
BRDA:23,1,2,0
BRDA:31,2,0,0
BRDA:31,2,1,0
BRDA:65,3,0,0
BRDA:65,3,1,0
BRDA:69,4,0,0
BRDA:69,4,1,0
BRF:11
BRH:0
end_of_record
TN:
SF:src\controllers\crop.controller.js
FN:4,(anonymous_0)
FN:67,(anonymous_1)
FN:77,(anonymous_2)
FN:91,(anonymous_3)
FN:104,(anonymous_4)
FNF:5
FNH:0
FNDA:0,(anonymous_0)
FNDA:0,(anonymous_1)
FNDA:0,(anonymous_2)
FNDA:0,(anonymous_3)
FNDA:0,(anonymous_4)
DA:1,0
DA:4,0
DA:5,0
DA:6,0
DA:7,0
DA:8,0
DA:11,0
DA:59,0
DA:60,0
DA:62,0
DA:67,0
DA:68,0
DA:69,0
DA:70,0
DA:72,0
DA:77,0
DA:78,0
DA:79,0
DA:80,0
DA:81,0
DA:83,0
DA:84,0
DA:86,0
DA:91,0
DA:92,0
DA:93,0
DA:94,0
DA:95,0
DA:97,0
DA:99,0
DA:104,0
DA:105,0
DA:106,0
DA:107,0
DA:108,0
DA:110,0
DA:112,0
LF:37
LH:0
BRDA:7,0,0,0
BRDA:7,0,1,0
BRDA:80,1,0,0
BRDA:80,1,1,0
BRDA:94,2,0,0
BRDA:94,2,1,0
BRDA:107,3,0,0
BRDA:107,3,1,0
BRF:8
BRH:0
end_of_record
TN:
SF:src\controllers\cropDamage.controller.js
FN:6,(anonymous_0)
FN:19,(anonymous_1)
FN:33,(anonymous_2)
FN:47,(anonymous_3)
FN:61,(anonymous_4)
FN:97,(anonymous_5)
FN:120,(anonymous_6)
FN:133,(anonymous_7)
FN:152,(anonymous_8)
FNF:9
FNH:0
FNDA:0,(anonymous_0)
FNDA:0,(anonymous_1)
FNDA:0,(anonymous_2)
FNDA:0,(anonymous_3)
FNDA:0,(anonymous_4)
FNDA:0,(anonymous_5)
FNDA:0,(anonymous_6)
FNDA:0,(anonymous_7)
FNDA:0,(anonymous_8)
DA:1,0
DA:2,0
DA:3,0
DA:6,0
DA:7,0
DA:8,0
DA:12,0
DA:14,0
DA:19,0
DA:20,0
DA:21,0
DA:22,0
DA:26,0
DA:28,0
DA:33,0
DA:34,0
DA:35,0
DA:36,0
DA:40,0
DA:42,0
DA:47,0
DA:48,0
DA:49,0
DA:50,0
DA:54,0
DA:56,0
DA:61,0
DA:62,0
DA:63,0
DA:66,0
DA:67,0
DA:68,0
DA:71,0
DA:72,0
DA:73,0
DA:76,0
DA:86,0
DA:90,0
DA:92,0
DA:97,0
DA:98,0
DA:99,0
DA:101,0
DA:109,0
DA:110,0
DA:113,0
DA:115,0
DA:120,0
DA:121,0
DA:122,0
DA:123,0
DA:124,0
DA:126,0
DA:128,0
DA:133,0
DA:134,0
DA:135,0
DA:145,0
DA:147,0
DA:149,0
DA:150,0
DA:152,0
DA:154,0
DA:156,0
DA:158,0
DA:160,0
DA:162,0
DA:164,0
DA:165,0
DA:166,0
DA:170,0
DA:171,0
DA:174,0
DA:176,0
LF:74
LH:0
BRDA:67,0,0,0
BRDA:67,0,1,0
BRDA:72,1,0,0
BRDA:72,1,1,0
BRDA:109,2,0,0
BRDA:109,2,1,0
BRDA:123,3,0,0
BRDA:123,3,1,0
BRDA:154,4,0,0
BRDA:154,4,1,0
BRDA:156,5,0,0
BRDA:156,5,1,0
BRDA:158,6,0,0
BRDA:158,6,1,0
BRDA:160,7,0,0
BRDA:160,7,1,0
BRDA:162,8,0,0
BRDA:162,8,1,0
BRDA:162,9,0,0
BRDA:162,9,1,0
BRDA:164,10,0,0
BRDA:164,10,1,0
BRDA:170,11,0,0
BRDA:170,11,1,0
BRF:24
BRH:0
end_of_record
TN:
SF:src\controllers\equipment.controller.js
FN:3,(anonymous_0)
FN:9,(anonymous_1)
FN:16,(anonymous_2)
FN:23,(anonymous_3)
FNF:4
FNH:0
FNDA:0,(anonymous_0)
FNDA:0,(anonymous_1)
FNDA:0,(anonymous_2)
FNDA:0,(anonymous_3)
DA:1,0
DA:3,0
DA:4,0
DA:5,0
DA:6,0
DA:9,0
DA:10,0
DA:11,0
DA:12,0
DA:13,0
DA:16,0
DA:17,0
DA:18,0
DA:19,0
DA:20,0
DA:23,0
DA:24,0
DA:25,0
DA:26,0
DA:27,0
DA:28,0
LF:21
LH:0
BRDA:26,0,0,0
BRDA:26,0,1,0
BRF:2
BRH:0
end_of_record
TN:
SF:src\controllers\equipmentRequest.controller.js
FN:5,(anonymous_0)
FN:19,(anonymous_1)
FN:33,(anonymous_2)
FN:76,(anonymous_3)
FN:112,(anonymous_4)
FN:157,(anonymous_5)
FNF:6
FNH:0
FNDA:0,(anonymous_0)
FNDA:0,(anonymous_1)
FNDA:0,(anonymous_2)
FNDA:0,(anonymous_3)
FNDA:0,(anonymous_4)
FNDA:0,(anonymous_5)
DA:1,0
DA:2,0
DA:5,0
DA:6,0
DA:7,0
DA:12,0
DA:14,0
DA:19,0
DA:20,0
DA:21,0
DA:26,0
DA:28,0
DA:33,0
DA:34,0
DA:35,0
DA:37,0
DA:38,0
DA:41,0
DA:42,0
DA:43,0
DA:46,0
DA:47,0
DA:52,0
DA:62,0
DA:63,0
DA:64,0
DA:65,0
DA:66,0
DA:69,0
DA:71,0
DA:76,0
DA:77,0
DA:78,0
DA:79,0
DA:81,0
DA:82,0
DA:85,0
DA:86,0
DA:87,0
DA:90,0
DA:91,0
DA:94,0
DA:95,0
DA:96,0
DA:98,0
DA:99,0
DA:100,0
DA:101,0
DA:102,0
DA:105,0
DA:107,0
DA:112,0
DA:113,0
DA:114,0
DA:115,0
DA:117,0
DA:118,0
DA:121,0
DA:122,0
DA:123,0
DA:126,0
DA:127,0
DA:130,0
DA:131,0
DA:132,0
DA:134,0
DA:135,0
DA:137,0
DA:143,0
DA:144,0
DA:145,0
DA:146,0
DA:147,0
DA:150,0
DA:152,0
DA:157,0
DA:158,0
DA:159,0
DA:164,0
DA:165,0
DA:168,0
DA:170,0
LF:82
LH:0
BRDA:37,0,0,0
BRDA:37,0,1,0
BRDA:37,1,0,0
BRDA:37,1,1,0
BRDA:37,1,2,0
BRDA:37,1,3,0
BRDA:42,2,0,0
BRDA:42,2,1,0
BRDA:46,3,0,0
BRDA:46,3,1,0
BRDA:58,4,0,0
BRDA:58,4,1,0
BRDA:65,5,0,0
BRDA:65,5,1,0
BRDA:81,6,0,0
BRDA:81,6,1,0
BRDA:86,7,0,0
BRDA:86,7,1,0
BRDA:90,8,0,0
BRDA:90,8,1,0
BRDA:94,9,0,0
BRDA:94,9,1,0
BRDA:96,10,0,0
BRDA:96,10,1,0
BRDA:101,11,0,0
BRDA:101,11,1,0
BRDA:117,12,0,0
BRDA:117,12,1,0
BRDA:122,13,0,0
BRDA:122,13,1,0
BRDA:126,14,0,0
BRDA:126,14,1,0
BRDA:130,15,0,0
BRDA:130,15,1,0
BRDA:132,16,0,0
BRDA:132,16,1,0
BRDA:134,17,0,0
BRDA:134,17,1,0
BRDA:146,18,0,0
BRDA:146,18,1,0
BRDA:164,19,0,0
BRDA:164,19,1,0
BRF:42
BRH:0
end_of_record
TN:
SF:src\controllers\farmer.controller.js
FN:8,(anonymous_0)
FN:15,(anonymous_1)
FN:24,(anonymous_2)
FN:34,(anonymous_3)
FN:41,(anonymous_4)
FN:50,(anonymous_5)
FN:61,(anonymous_6)
FN:71,(anonymous_7)
FN:79,(anonymous_8)
FN:89,(anonymous_9)
FN:98,(anonymous_10)
FN:108,(anonymous_11)
FNF:12
FNH:0
FNDA:0,(anonymous_0)
FNDA:0,(anonymous_1)
FNDA:0,(anonymous_2)
FNDA:0,(anonymous_3)
FNDA:0,(anonymous_4)
FNDA:0,(anonymous_5)
FNDA:0,(anonymous_6)
FNDA:0,(anonymous_7)
FNDA:0,(anonymous_8)
FNDA:0,(anonymous_9)
FNDA:0,(anonymous_10)
FNDA:0,(anonymous_11)
DA:1,0
DA:2,0
DA:3,0
DA:4,0
DA:8,0
DA:9,0
DA:10,0
DA:11,0
DA:12,0
DA:15,0
DA:16,0
DA:17,0
DA:18,0
DA:19,0
DA:20,0
DA:21,0
DA:24,0
DA:25,0
DA:26,0
DA:27,0
DA:28,0
DA:29,0
DA:34,0
DA:35,0
DA:36,0
DA:41,0
DA:42,0
DA:43,0
DA:46,0
DA:47,0
DA:50,0
DA:51,0
DA:52,0
DA:53,0
DA:54,0
DA:56,0
DA:57,0
DA:58,0
DA:61,0
DA:62,0
DA:63,0
DA:64,0
DA:65,0
DA:66,0
DA:71,0
DA:72,0
DA:73,0
DA:75,0
DA:76,0
DA:79,0
DA:80,0
DA:81,0
DA:82,0
DA:83,0
DA:84,0
DA:85,0
DA:86,0
DA:89,0
DA:90,0
DA:91,0
DA:92,0
DA:93,0
DA:98,0
DA:99,0
DA:100,0
DA:102,0
DA:103,0
DA:108,0
DA:109,0
DA:111,0
DA:112,0
DA:115,0
DA:128,0
DA:158,0
DA:159,0
LF:75
LH:0
BRDA:18,0,0,0
BRDA:18,0,1,0
BRDA:53,1,0,0
BRDA:53,1,1,0
BRDA:53,2,0,0
BRDA:53,2,1,0
BRDA:83,3,0,0
BRDA:83,3,1,0
BRDA:112,4,0,0
BRDA:112,4,1,0
BRF:10
BRH:0
end_of_record
TN:
SF:src\controllers\farmerCrop.controller.js
FN:6,(anonymous_0)
FN:19,(anonymous_1)
FN:34,(anonymous_2)
FN:49,(anonymous_3)
FN:91,(anonymous_4)
FN:114,(anonymous_5)
FNF:6
FNH:0
FNDA:0,(anonymous_0)
FNDA:0,(anonymous_1)
FNDA:0,(anonymous_2)
FNDA:0,(anonymous_3)
FNDA:0,(anonymous_4)
FNDA:0,(anonymous_5)
DA:1,0
DA:2,0
DA:3,0
DA:6,0
DA:7,0
DA:8,0
DA:12,0
DA:14,0
DA:19,0
DA:20,0
DA:21,0
DA:22,0
DA:27,0
DA:29,0
DA:34,0
DA:35,0
DA:36,0
DA:37,0
DA:42,0
DA:44,0
DA:49,0
DA:50,0
DA:51,0
DA:54,0
DA:55,0
DA:56,0
DA:60,0
DA:61,0
DA:62,0
DA:66,0
DA:67,0
DA:68,0
DA:71,0
DA:80,0
DA:84,0
DA:86,0
DA:91,0
DA:92,0
DA:93,0
DA:95,0
DA:103,0
DA:104,0
DA:107,0
DA:109,0
DA:114,0
DA:115,0
DA:116,0
DA:117,0
DA:118,0
DA:120,0
DA:122,0
LF:51
LH:0
BRDA:55,0,0,0
BRDA:55,0,1,0
BRDA:61,1,0,0
BRDA:61,1,1,0
BRDA:67,2,0,0
BRDA:67,2,1,0
BRDA:74,3,0,0
BRDA:74,3,1,0
BRDA:103,4,0,0
BRDA:103,4,1,0
BRDA:117,5,0,0
BRDA:117,5,1,0
BRF:12
BRH:0
end_of_record
TN:
SF:src\controllers\user.controller.js
FN:4,(anonymous_0)
FN:13,(anonymous_1)
FN:47,(anonymous_2)
FN:68,(anonymous_3)
FN:90,(anonymous_4)
FN:122,(anonymous_5)
FN:142,(anonymous_6)
FNF:7
FNH:7
FNDA:1,(anonymous_0)
FNDA:3,(anonymous_1)
FNDA:3,(anonymous_2)
FNDA:2,(anonymous_3)
FNDA:3,(anonymous_4)
FNDA:3,(anonymous_5)
FNDA:1,(anonymous_6)
DA:1,1
DA:2,1
DA:4,1
DA:5,1
DA:6,1
DA:7,1
DA:9,0
DA:13,1
DA:14,3
DA:15,3
DA:18,3
DA:19,1
DA:22,2
DA:23,2
DA:25,1
DA:26,1
DA:35,1
DA:36,1
DA:38,1
DA:43,0
DA:47,1
DA:48,3
DA:49,3
DA:50,3
DA:51,1
DA:54,2
DA:55,2
DA:56,1
DA:59,1
DA:64,0
DA:68,1
DA:69,2
DA:70,2
DA:71,2
DA:72,0
DA:76,2
DA:77,1
DA:78,1
DA:79,1
DA:83,1
DA:84,1
DA:86,0
DA:90,1
DA:91,3
DA:92,3
DA:93,3
DA:96,3
DA:97,1
DA:98,1
DA:101,2
DA:102,2
DA:103,2
DA:104,2
DA:105,2
DA:106,2
DA:108,2
DA:109,2
DA:110,1
DA:113,1
DA:118,0
DA:122,1
DA:123,3
DA:124,3
DA:125,3
DA:126,1
DA:129,2
DA:130,2
DA:132,2
DA:133,1
DA:136,1
DA:138,0
DA:142,1
DA:143,1
DA:144,1
DA:145,1
DA:146,1
DA:148,1
DA:152,1
DA:159,0
LF:79
LH:71
BRDA:18,0,0,1
BRDA:18,0,1,2
BRDA:18,1,0,3
BRDA:18,1,1,2
BRDA:18,1,2,2
BRDA:18,1,3,2
BRDA:23,2,0,1
BRDA:23,2,1,1
BRDA:50,3,0,1
BRDA:50,3,1,2
BRDA:55,4,0,1
BRDA:55,4,1,1
BRDA:71,5,0,0
BRDA:71,5,1,2
BRDA:76,6,0,1
BRDA:76,6,1,1
BRDA:78,7,0,1
BRDA:78,7,1,0
BRDA:96,8,0,1
BRDA:96,8,1,2
BRDA:98,9,0,1
BRDA:98,9,1,0
BRDA:102,10,0,2
BRDA:102,10,1,0
BRDA:103,11,0,0
BRDA:103,11,1,2
BRDA:104,12,0,0
BRDA:104,12,1,2
BRDA:105,13,0,0
BRDA:105,13,1,2
BRDA:106,14,0,0
BRDA:106,14,1,2
BRDA:109,15,0,1
BRDA:109,15,1,1
BRDA:125,16,0,1
BRDA:125,16,1,2
BRDA:125,17,0,3
BRDA:125,17,1,3
BRDA:132,18,0,1
BRDA:132,18,1,1
BRF:40
BRH:32
end_of_record
TN:
SF:src\middleware\auth.middleware.js
FN:3,(anonymous_0)
FN:16,(anonymous_1)
FN:16,(anonymous_2)
FNF:3
FNH:3
FNDA:3,(anonymous_0)
FNDA:2,(anonymous_1)
FNDA:2,(anonymous_2)
DA:1,1
DA:3,1
DA:4,3
DA:5,3
DA:6,1
DA:8,2
DA:9,2
DA:10,1
DA:12,1
DA:16,2
DA:17,2
DA:18,1
DA:19,1
LF:13
LH:13
BRDA:5,0,0,1
BRDA:5,0,1,2
BRDA:17,1,0,1
BRDA:17,1,1,1
BRF:4
BRH:4
end_of_record
TN:
SF:src\models\Association.model.js
FNF:0
FNH:0
DA:1,0
DA:3,0
DA:10,0
LF:3
LH:0
BRF:0
BRH:0
end_of_record
TN:
SF:src\models\AssociationMember.model.js
FNF:0
FNH:0
DA:1,0
DA:3,0
DA:8,0
DA:10,0
LF:4
LH:0
BRF:0
BRH:0
end_of_record
TN:
SF:src\models\ConditionLog.model.js
FNF:0
FNH:0
DA:1,0
DA:3,0
DA:42,0
LF:3
LH:0
BRF:0
BRH:0
end_of_record
TN:
SF:src\models\Crop.model.js
FNF:0
FNH:0
DA:1,0
DA:3,0
DA:14,0
LF:3
LH:0
BRF:0
BRH:0
end_of_record
TN:
SF:src\models\CropDamage.model.js
FNF:0
FNH:0
DA:1,0
DA:3,0
DA:57,0
LF:3
LH:0
BRF:0
BRH:0
end_of_record
TN:
SF:src\models\EquipmentRequest.model.js
FN:50,(anonymous_0)
FNF:1
FNH:0
FNDA:0,(anonymous_0)
DA:1,0
DA:3,0
DA:50,0
DA:51,0
DA:54,0
LF:5
LH:0
BRF:0
BRH:0
end_of_record
TN:
SF:src\models\Farmer.model.js
FNF:0
FNH:0
DA:1,0
DA:3,0
DA:13,0
LF:3
LH:0
BRF:0
BRH:0
end_of_record
TN:
SF:src\models\FarmerCrop.model.js
FNF:0
FNH:0
DA:1,0
DA:3,0
DA:35,0
DA:37,0
LF:4
LH:0
BRF:0
BRH:0
end_of_record
TN:
SF:src\models\User.model.js
FNF:0
FNH:0
DA:1,3
DA:3,3
DA:23,3
LF:3
LH:3
BRF:0
BRH:0
end_of_record
TN:
SF:src\models\equipment.model.js
FN:8,(anonymous_0)
FNF:1
FNH:0
FNDA:0,(anonymous_0)
DA:1,0
DA:3,0
DA:8,0
DA:45,0
LF:4
LH:0
BRF:0
BRH:0
end_of_record
TN:
SF:src\routes\auth.routes.js
FNF:0
FNH:0
DA:1,1
DA:2,1
DA:3,1
DA:5,1
DA:7,1
LF:5
LH:5
BRF:0
BRH:0
end_of_record
TN:
SF:src\routes\conditionLog.routes.js
FNF:0
FNH:0
DA:1,0
DA:2,0
DA:3,0
DA:4,0
DA:7,0
DA:15,0
DA:24,0
DA:31,0
LF:8
LH:0
BRF:0
BRH:0
end_of_record
TN:
SF:src\routes\cropDamage.routes.js
FNF:0
FNH:0
DA:1,0
DA:2,0
DA:3,0
DA:4,0
DA:6,0
DA:9,0
DA:12,0
DA:15,0
DA:18,0
DA:21,0
DA:24,0
DA:27,0
DA:30,0
DA:33,0
DA:35,0
LF:15
LH:0
BRF:0
BRH:0
end_of_record
TN:
SF:src\routes\crops.routes.js
FNF:0
FNH:0
DA:1,0
DA:2,0
DA:3,0
DA:4,0
DA:6,0
DA:9,0
DA:12,0
DA:13,0
DA:14,0
DA:15,0
DA:17,0
LF:11
LH:0
BRF:0
BRH:0
end_of_record
TN:
SF:src\routes\equipment.routes.js
FNF:0
FNH:0
DA:1,0
DA:2,0
DA:3,0
DA:6,0
DA:7,0
DA:8,0
DA:9,0
DA:11,0
LF:8
LH:0
BRF:0
BRH:0
end_of_record
TN:
SF:src\routes\equipmentRequest.routes.js
FNF:0
FNH:0
DA:1,0
DA:2,0
DA:3,0
DA:4,0
DA:7,0
DA:15,0
DA:23,0
DA:31,0
DA:38,0
DA:46,0
DA:53,0
LF:11
LH:0
BRF:0
BRH:0
end_of_record
TN:
SF:src\routes\farmer.routes.js
FNF:0
FNH:0
DA:1,0
DA:2,0
DA:3,0
DA:4,0
DA:6,0
DA:9,0
DA:11,0
DA:12,0
DA:13,0
DA:15,0
DA:16,0
DA:17,0
DA:19,0
DA:20,0
DA:21,0
DA:23,0
DA:25,0
LF:17
LH:0
BRF:0
BRH:0
end_of_record
TN:
SF:src\routes\farmerCrop.routes.js
FNF:0
FNH:0
DA:1,0
DA:2,0
DA:3,0
DA:4,0
DA:6,0
DA:9,0
DA:12,0
DA:15,0
DA:18,0
DA:21,0
DA:24,0
DA:27,0
DA:29,0
LF:13
LH:0
BRF:0
BRH:0
end_of_record
TN:
SF:src\routes\user.routes.js
FNF:0
FNH:0
DA:1,0
DA:2,0
DA:3,0
DA:4,0
DA:7,0
DA:9,0
DA:11,0
DA:12,0
DA:13,0
DA:14,0
DA:15,0
DA:16,0
DA:17,0
DA:19,0
LF:14
LH:0
BRF:0
BRH:0
end_of_record
